#
# There is insufficient memory for the Java Runtime Environment to continue.
# Native memory allocation (malloc) failed to allocate 32744 bytes for ChunkPool::allocate
# Possible reasons:
#   The system is out of physical RAM or swap space
#   The process is running with CompressedOops enabled, and the Java Heap may be blocking the growth of the native heap
# Possible solutions:
#   Reduce memory load on the system
#   Increase physical memory or swap space
#   Check if swap backing store is full
#   Decrease Java heap size (-Xmx/-Xms)
#   Decrease number of Java threads
#   Decrease Java thread stack sizes (-Xss)
#   Set larger code cache with -XX:ReservedCodeCacheSize=
#   JVM is running with Unscaled Compressed Oops mode in which the Java heap is
#     placed in the first 4GB address space. The Java Heap base address is the
#     maximum limit for the native heap growth. Please use -XX:HeapBaseMinAddress
#     to set the Java Heap base and to place the Java Heap above 4GB virtual address.
# This output file may be truncated or incomplete.
#
#  Out of Memory Error (arena.cpp:78), pid=5420, tid=5352
#
# JRE version: OpenJDK Runtime Environment Temurin-17.0.5+8 (17.0.5+8) (build 17.0.5+8)
# Java VM: OpenJDK 64-Bit Server VM Temurin-17.0.5+8 (17.0.5+8, mixed mode, tiered, compressed oops, compressed class ptrs, parallel gc, windows-amd64)
# No core dump will be written. Minidumps are not enabled by default on client versions of Windows
#

---------------  S U M M A R Y ------------

Command Line: --add-modules=ALL-SYSTEM --add-opens=java.base/java.util=ALL-UNNAMED --add-opens=java.base/java.lang=ALL-UNNAMED --add-opens=java.base/sun.nio.fs=ALL-UNNAMED -Declipse.application=org.eclipse.jdt.ls.core.id1 -Dosgi.bundles.defaultStartLevel=4 -Declipse.product=org.eclipse.jdt.ls.core.product -Djava.import.generatesMetadataFilesAtProjectRoot=false -Dfile.encoding=utf8 -XX:+UseParallelGC -XX:GCTimeRatio=4 -XX:AdaptiveSizePolicyWeight=90 -Dsun.zip.disableMemoryMapping=true -Xmx1G -Xms100m -Xlog:disable -javaagent:c:\Users\LENOVO\.vscode\extensions\redhat.java-1.13.0-win32-x64\lombok\lombok-1.18.24.jar c:\Users\LENOVO\.vscode\extensions\redhat.java-1.13.0-win32-x64\server\plugins\org.eclipse.equinox.launcher_1.6.400.v20210924-0641.jar -configuration c:\Users\LENOVO\AppData\Roaming\Code\User\globalStorage\redhat.java\1.13.0\config_ss_win -data c:\Users\LENOVO\AppData\Roaming\Code\User\workspaceStorage\5bfb5c783ddd0de21788c569a3903535\redhat.java\ss_ws

Host: Intel(R) Pentium(R) CPU A1018 @ 2.10GHz, 2 cores, 3G,  Windows 8.1 , 64 bit Build 9600 (6.3.9600.17031)
Time: Sun Dec 18 21:28:26 2022 Pacific Standard Time elapsed time: 13.494168 seconds (0d 0h 0m 13s)

---------------  T H R E A D  ---------------

Current thread (0x000000c61a87f0f0):  JavaThread "C1 CompilerThread0" daemon [_thread_in_native, id=5352, stack(0x000000c61ac50000,0x000000c61ad50000)]


Current CompileTask:
C1:  13494 2702       3       com.google.gson.stream.JsonReader::nextNonWhitespace (354 bytes)

Stack: [0x000000c61ac50000,0x000000c61ad50000]
Native frames: (J=compiled Java code, j=interpreted, Vv=VM code, C=native code)
V  [jvm.dll+0x676b3a]
V  [jvm.dll+0x831444]
V  [jvm.dll+0x832bee]
V  [jvm.dll+0x833253]
V  [jvm.dll+0x244ce5]
V  [jvm.dll+0xabdcc]
V  [jvm.dll+0xac17c]
V  [jvm.dll+0x14d216]
V  [jvm.dll+0x169311]
V  [jvm.dll+0x168ec2]
V  [jvm.dll+0x16049c]
V  [jvm.dll+0x15d52e]
V  [jvm.dll+0x14b850]
V  [jvm.dll+0x134467]
V  [jvm.dll+0x133def]
V  [jvm.dll+0x134026]
V  [jvm.dll+0x1334ba]
V  [jvm.dll+0x135181]
V  [jvm.dll+0x22698a]
V  [jvm.dll+0x224ac5]
V  [jvm.dll+0x7e727b]
V  [jvm.dll+0x7e17ea]
V  [jvm.dll+0x6759e5]
C  [ucrtbase.DLL+0x1c1ae]
C  [KERNEL32.DLL+0x168d]
C  [ntdll.dll+0x6e954]


---------------  P R O C E S S  ---------------

Threads class SMR info:
_java_thread_list=0x000000c61ca03dc0, length=22, elements={
0x000000c604e3dad0, 0x000000c618e233d0, 0x000000c618e09dd0, 0x000000c618e42290,
0x000000c618e42cb0, 0x000000c618e43920, 0x000000c618e44590, 0x000000c618e46280,
0x000000c61a87f0f0, 0x000000c61a8822c0, 0x000000c604e9fdc0, 0x000000c61aadef10,
0x000000c61b607220, 0x000000c61b748420, 0x000000c61b6a16b0, 0x000000c61b6a0150,
0x000000c61b4cd4d0, 0x000000c61b45da10, 0x000000c61b7bce90, 0x000000c61b7bf510,
0x000000c61b7bd360, 0x000000c61b7bf9e0
}

Java Threads: ( => current thread )
  0x000000c604e3dad0 JavaThread "main" [_thread_blocked, id=3028, stack(0x000000c604400000,0x000000c604500000)]
  0x000000c618e233d0 JavaThread "Reference Handler" daemon [_thread_blocked, id=4720, stack(0x000000c61a070000,0x000000c61a170000)]
  0x000000c618e09dd0 JavaThread "Finalizer" daemon [_thread_blocked, id=4344, stack(0x000000c61a170000,0x000000c61a270000)]
  0x000000c618e42290 JavaThread "Signal Dispatcher" daemon [_thread_blocked, id=3420, stack(0x000000c61a350000,0x000000c61a450000)]
  0x000000c618e42cb0 JavaThread "Attach Listener" daemon [_thread_blocked, id=5960, stack(0x000000c61a450000,0x000000c61a550000)]
  0x000000c618e43920 JavaThread "Service Thread" daemon [_thread_blocked, id=4960, stack(0x000000c61a550000,0x000000c61a650000)]
  0x000000c618e44590 JavaThread "Monitor Deflation Thread" daemon [_thread_blocked, id=1488, stack(0x000000c61a650000,0x000000c61a750000)]
  0x000000c618e46280 JavaThread "C2 CompilerThread0" daemon [_thread_in_native, id=7896, stack(0x000000c61a750000,0x000000c61a850000)]
=>0x000000c61a87f0f0 JavaThread "C1 CompilerThread0" daemon [_thread_in_native, id=5352, stack(0x000000c61ac50000,0x000000c61ad50000)]
  0x000000c61a8822c0 JavaThread "Sweeper thread" daemon [_thread_blocked, id=6812, stack(0x000000c61ad50000,0x000000c61ae50000)]
  0x000000c604e9fdc0 JavaThread "Common-Cleaner" daemon [_thread_blocked, id=4652, stack(0x000000c61ae50000,0x000000c61af50000)]
  0x000000c61aadef10 JavaThread "Notification Thread" daemon [_thread_blocked, id=5236, stack(0x000000c61af50000,0x000000c61b050000)]
  0x000000c61b607220 JavaThread "Active Thread: Equinox Container: e6cd46ad-8cdf-4cc5-9752-317122221623" [_thread_blocked, id=7608, stack(0x000000c61ba50000,0x000000c61bb50000)]
  0x000000c61b748420 JavaThread "Framework Event Dispatcher: Equinox Container: e6cd46ad-8cdf-4cc5-9752-317122221623" daemon [_thread_blocked, id=7756, stack(0x000000c61d7d0000,0x000000c61d8d0000)]
  0x000000c61b6a16b0 JavaThread "Start Level: Equinox Container: e6cd46ad-8cdf-4cc5-9752-317122221623" daemon [_thread_blocked, id=7956, stack(0x000000c61d8d0000,0x000000c61d9d0000)]
  0x000000c61b6a0150 JavaThread "SCR Component Actor" daemon [_thread_blocked, id=6856, stack(0x000000c61d9d0000,0x000000c61dad0000)]
  0x000000c61b4cd4d0 JavaThread "Worker-JM" [_thread_blocked, id=3444, stack(0x000000c61e400000,0x000000c61e500000)]
  0x000000c61b45da10 JavaThread "Worker-0" [_thread_blocked, id=356, stack(0x000000c61e500000,0x000000c61e600000)]
  0x000000c61b7bce90 JavaThread "Worker-1" [_thread_blocked, id=7212, stack(0x000000c61e600000,0x000000c61e700000)]
  0x000000c61b7bf510 JavaThread "JNA Cleaner" daemon [_thread_blocked, id=7276, stack(0x000000c61e700000,0x000000c61e800000)]
  0x000000c61b7bd360 JavaThread "pool-2-thread-1" [_thread_blocked, id=3440, stack(0x000000c6202b0000,0x000000c6203b0000)]
  0x000000c61b7bf9e0 JavaThread "pool-1-thread-1" [_thread_in_native, id=6336, stack(0x000000c6203b0000,0x000000c6204b0000)]

Other Threads:
  0x000000c604ebeca0 VMThread "VM Thread" [stack: 0x000000c619f70000,0x000000c61a070000] [id=3248]
  0x000000c61aadf3e0 WatcherThread [stack: 0x000000c61b050000,0x000000c61b150000] [id=3724]
  0x000000c604e51ea0 GCTaskThread "GC Thread#0" [stack: 0x000000c6049b0000,0x000000c604ab0000] [id=7508]
  0x000000c61b2b3570 GCTaskThread "GC Thread#1" [stack: 0x000000c61b950000,0x000000c61ba50000] [id=5092]

Threads with active compile tasks:
C2 CompilerThread0    13634 2646       4       jdk.internal.org.objectweb.asm.Frame::execute (2318 bytes)
C1 CompilerThread0    13634 2702       3       com.google.gson.stream.JsonReader::nextNonWhitespace (354 bytes)

VM state: not at safepoint (normal execution)

VM Mutex/Monitor currently owned by a thread: None

Heap address: 0x00000000c0000000, size: 1024 MB, Compressed Oops mode: 32-bit

CDS archive(s) not mapped
Compressed class space mapped at: 0x0000000100000000-0x0000000140000000, reserved size: 1073741824
Narrow klass base: 0x0000000000000000, Narrow klass shift: 3, Narrow klass range: 0x140000000

GC Precious Log:
 CPUs: 2 total, 2 available
 Memory: 3709M
 Large Page Support: Disabled
 NUMA Support: Disabled
 Compressed Oops: Enabled (32-bit)
 Alignments: Space 512K, Generation 512K, Heap 2M
 Heap Min Capacity: 100M
 Heap Initial Capacity: 100M
 Heap Max Capacity: 1G
 Pre-touch: Disabled
 Parallel Workers: 2

Heap:
 PSYoungGen      total 26112K, used 2873K [0x00000000eab00000, 0x00000000ec780000, 0x0000000100000000)
  eden space 24576K, 5% used [0x00000000eab00000,0x00000000eac53c70,0x00000000ec300000)
  from space 1536K, 98% used [0x00000000ec480000,0x00000000ec5fa7f0,0x00000000ec600000)
  to   space 1024K, 0% used [0x00000000ec680000,0x00000000ec680000,0x00000000ec780000)
 ParOldGen       total 68608K, used 8090K [0x00000000c0000000, 0x00000000c4300000, 0x00000000eab00000)
  object space 68608K, 11% used [0x00000000c0000000,0x00000000c07e6928,0x00000000c4300000)
 Metaspace       used 32246K, committed 32832K, reserved 1081344K
  class space    used 3244K, committed 3520K, reserved 1048576K

Card table byte_map: [0x000000c6047a0000,0x000000c6049b0000] _byte_map_base: 0x000000c6041a0000

Marking Bits: (ParMarkBitMap*) 0x00007ffd4e520dd0
 Begin Bits: [0x000000c616a80000, 0x000000c617a80000)
 End Bits:   [0x000000c617a80000, 0x000000c618a80000)

Polling page: 0x000000c604380000

Metaspace:

Usage:
  Non-class:     28.32 MB used.
      Class:      3.17 MB used.
       Both:     31.49 MB used.

Virtual space:
  Non-class space:       32.00 MB reserved,      28.63 MB ( 89%) committed,  4 nodes.
      Class space:        1.00 GB reserved,       3.44 MB ( <1%) committed,  1 nodes.
             Both:        1.03 GB reserved,      32.06 MB (  3%) committed. 

Chunk freelists:
   Non-Class:  3.28 MB
       Class:  576.00 KB
        Both:  3.84 MB

MaxMetaspaceSize: unlimited
CompressedClassSpaceSize: 1.00 GB
Initial GC threshold: 21.00 MB
Current GC threshold: 35.00 MB
CDS: off
MetaspaceReclaimPolicy: balanced
 - commit_granule_bytes: 65536.
 - commit_granule_words: 8192.
 - virtual_space_node_default_size: 1048576.
 - enlarge_chunks_in_place: 1.
 - new_chunks_are_fully_committed: 0.
 - uncommit_free_chunks: 1.
 - use_allocation_guard: 0.
 - handle_deallocations: 1.


Internal statistics:

num_allocs_failed_limit: 3.
num_arena_births: 240.
num_arena_deaths: 14.
num_vsnodes_births: 5.
num_vsnodes_deaths: 0.
num_space_committed: 513.
num_space_uncommitted: 0.
num_chunks_returned_to_freelist: 17.
num_chunks_taken_from_freelist: 1151.
num_chunk_merges: 7.
num_chunk_splits: 781.
num_chunks_enlarged: 557.
num_purges: 2.
num_inconsistent_stats: 0.

CodeHeap 'non-profiled nmethods': size=120064Kb used=1072Kb max_used=1072Kb free=118991Kb
 bounds [0x000000c60f540000, 0x000000c60f7b0000, 0x000000c616a80000]
CodeHeap 'profiled nmethods': size=120000Kb used=5471Kb max_used=5471Kb free=114528Kb
 bounds [0x000000c608010000, 0x000000c608570000, 0x000000c60f540000]
CodeHeap 'non-nmethods': size=5696Kb used=1244Kb max_used=1272Kb free=4451Kb
 bounds [0x000000c607a80000, 0x000000c607cf0000, 0x000000c608010000]
 total_blobs=3257 nmethods=2698 adapters=474
 compilation: enabled
              stopped_count=0, restarted_count=0
 full_count=0

Compilation events (20 events):
Event: 13.351 Thread 0x000000c61a87f0f0 nmethod 2691 0x000000c60855e390 code [0x000000c60855e540, 0x000000c60855e798]
Event: 13.351 Thread 0x000000c61a87f0f0 2692       3       com.google.gson.internal.$Gson$Preconditions::checkNotNull (14 bytes)
Event: 13.352 Thread 0x000000c61a87f0f0 nmethod 2692 0x000000c60855e890 code [0x000000c60855ea40, 0x000000c60855ec28]
Event: 13.361 Thread 0x000000c61a87f0f0 2693       3       com.google.gson.internal.$Gson$Types::resolve (499 bytes)
Event: 13.367 Thread 0x000000c61a87f0f0 nmethod 2693 0x000000c60855ed10 code [0x000000c60855f200, 0x000000c608562138]
Event: 13.367 Thread 0x000000c61a87f0f0 2694       3       com.google.gson.internal.$Gson$Types::getRawType (157 bytes)
Event: 13.370 Thread 0x000000c61a87f0f0 nmethod 2694 0x000000c608562e90 code [0x000000c608563260, 0x000000c608564de8]
Event: 13.437 Thread 0x000000c61a87f0f0 2695       3       com.google.gson.reflect.TypeToken::<init> (41 bytes)
Event: 13.438 Thread 0x000000c61a87f0f0 nmethod 2695 0x000000c608565410 code [0x000000c608565600, 0x000000c608565b38]
Event: 13.438 Thread 0x000000c61a87f0f0 2696       3       com.google.gson.reflect.TypeToken::get (9 bytes)
Event: 13.439 Thread 0x000000c61a87f0f0 nmethod 2696 0x000000c608565d10 code [0x000000c608565ec0, 0x000000c608566048]
Event: 13.444 Thread 0x000000c61a87f0f0 2698       3       java.lang.reflect.Constructor::copy (72 bytes)
Event: 13.444 Thread 0x000000c61a87f0f0 nmethod 2698 0x000000c608566110 code [0x000000c6085662c0, 0x000000c6085665d8]
Event: 13.446 Thread 0x000000c61a87f0f0 2699       3       com.google.gson.internal.$Gson$Types::resolve (14 bytes)
Event: 13.447 Thread 0x000000c61a87f0f0 nmethod 2699 0x000000c608566710 code [0x000000c6085668c0, 0x000000c608566b68]
Event: 13.448 Thread 0x000000c61a87f0f0 2700       3       java.lang.reflect.Constructor::setAccessible (21 bytes)
Event: 13.449 Thread 0x000000c61a87f0f0 nmethod 2700 0x000000c608566c90 code [0x000000c608566ec0, 0x000000c6085675f8]
Event: 13.451 Thread 0x000000c61a87f0f0 2701       3       jdk.internal.reflect.Reflection::isSubclassOf (21 bytes)
Event: 13.452 Thread 0x000000c61a87f0f0 nmethod 2701 0x000000c608567890 code [0x000000c608567a40, 0x000000c608567c88]
Event: 13.453 Thread 0x000000c61a87f0f0 2702       3       com.google.gson.stream.JsonReader::nextNonWhitespace (354 bytes)

GC Heap History (14 events):
Event: 3.307 GC heap before
{Heap before GC invocations=1 (full 0):
 PSYoungGen      total 29696K, used 25600K [0x00000000eab00000, 0x00000000ecc00000, 0x0000000100000000)
  eden space 25600K, 100% used [0x00000000eab00000,0x00000000ec400000,0x00000000ec400000)
  from space 4096K, 0% used [0x00000000ec800000,0x00000000ec800000,0x00000000ecc00000)
  to   space 4096K, 0% used [0x00000000ec400000,0x00000000ec400000,0x00000000ec800000)
 ParOldGen       total 68608K, used 0K [0x00000000c0000000, 0x00000000c4300000, 0x00000000eab00000)
  object space 68608K, 0% used [0x00000000c0000000,0x00000000c0000000,0x00000000c4300000)
 Metaspace       used 10982K, committed 11136K, reserved 1064960K
  class space    used 1088K, committed 1152K, reserved 1048576K
}
Event: 3.398 GC heap after
{Heap after GC invocations=1 (full 0):
 PSYoungGen      total 29696K, used 3704K [0x00000000eab00000, 0x00000000ecc00000, 0x0000000100000000)
  eden space 25600K, 0% used [0x00000000eab00000,0x00000000eab00000,0x00000000ec400000)
  from space 4096K, 90% used [0x00000000ec400000,0x00000000ec79e218,0x00000000ec800000)
  to   space 4096K, 0% used [0x00000000ec800000,0x00000000ec800000,0x00000000ecc00000)
 ParOldGen       total 68608K, used 0K [0x00000000c0000000, 0x00000000c4300000, 0x00000000eab00000)
  object space 68608K, 0% used [0x00000000c0000000,0x00000000c0000000,0x00000000c4300000)
 Metaspace       used 10982K, committed 11136K, reserved 1064960K
  class space    used 1088K, committed 1152K, reserved 1048576K
}
Event: 5.863 GC heap before
{Heap before GC invocations=2 (full 0):
 PSYoungGen      total 29696K, used 29304K [0x00000000eab00000, 0x00000000ecc00000, 0x0000000100000000)
  eden space 25600K, 100% used [0x00000000eab00000,0x00000000ec400000,0x00000000ec400000)
  from space 4096K, 90% used [0x00000000ec400000,0x00000000ec79e218,0x00000000ec800000)
  to   space 4096K, 0% used [0x00000000ec800000,0x00000000ec800000,0x00000000ecc00000)
 ParOldGen       total 68608K, used 0K [0x00000000c0000000, 0x00000000c4300000, 0x00000000eab00000)
  object space 68608K, 0% used [0x00000000c0000000,0x00000000c0000000,0x00000000c4300000)
 Metaspace       used 15274K, committed 15616K, reserved 1064960K
  class space    used 1551K, committed 1728K, reserved 1048576K
}
Event: 5.875 GC heap after
{Heap after GC invocations=2 (full 0):
 PSYoungGen      total 29696K, used 4087K [0x00000000eab00000, 0x00000000ecc00000, 0x0000000100000000)
  eden space 25600K, 0% used [0x00000000eab00000,0x00000000eab00000,0x00000000ec400000)
  from space 4096K, 99% used [0x00000000ec800000,0x00000000ecbfdec8,0x00000000ecc00000)
  to   space 4096K, 0% used [0x00000000ec400000,0x00000000ec400000,0x00000000ec800000)
 ParOldGen       total 68608K, used 1293K [0x00000000c0000000, 0x00000000c4300000, 0x00000000eab00000)
  object space 68608K, 1% used [0x00000000c0000000,0x00000000c01436f8,0x00000000c4300000)
 Metaspace       used 15274K, committed 15616K, reserved 1064960K
  class space    used 1551K, committed 1728K, reserved 1048576K
}
Event: 8.084 GC heap before
{Heap before GC invocations=3 (full 0):
 PSYoungGen      total 29696K, used 29687K [0x00000000eab00000, 0x00000000ecc00000, 0x0000000100000000)
  eden space 25600K, 100% used [0x00000000eab00000,0x00000000ec400000,0x00000000ec400000)
  from space 4096K, 99% used [0x00000000ec800000,0x00000000ecbfdec8,0x00000000ecc00000)
  to   space 4096K, 0% used [0x00000000ec400000,0x00000000ec400000,0x00000000ec800000)
 ParOldGen       total 68608K, used 1293K [0x00000000c0000000, 0x00000000c4300000, 0x00000000eab00000)
  object space 68608K, 1% used [0x00000000c0000000,0x00000000c01436f8,0x00000000c4300000)
 Metaspace       used 20336K, committed 20736K, reserved 1073152K
  class space    used 2069K, committed 2240K, reserved 1048576K
}
Event: 8.102 GC heap after
{Heap after GC invocations=3 (full 0):
 PSYoungGen      total 29696K, used 4068K [0x00000000eab00000, 0x00000000ecc00000, 0x0000000100000000)
  eden space 25600K, 0% used [0x00000000eab00000,0x00000000eab00000,0x00000000ec400000)
  from space 4096K, 99% used [0x00000000ec400000,0x00000000ec7f9280,0x00000000ec800000)
  to   space 4096K, 0% used [0x00000000ec800000,0x00000000ec800000,0x00000000ecc00000)
 ParOldGen       total 68608K, used 2879K [0x00000000c0000000, 0x00000000c4300000, 0x00000000eab00000)
  object space 68608K, 4% used [0x00000000c0000000,0x00000000c02cfc90,0x00000000c4300000)
 Metaspace       used 20336K, committed 20736K, reserved 1073152K
  class space    used 2069K, committed 2240K, reserved 1048576K
}
Event: 8.418 GC heap before
{Heap before GC invocations=4 (full 0):
 PSYoungGen      total 29696K, used 9194K [0x00000000eab00000, 0x00000000ecc00000, 0x0000000100000000)
  eden space 25600K, 20% used [0x00000000eab00000,0x00000000eb001658,0x00000000ec400000)
  from space 4096K, 99% used [0x00000000ec400000,0x00000000ec7f9280,0x00000000ec800000)
  to   space 4096K, 0% used [0x00000000ec800000,0x00000000ec800000,0x00000000ecc00000)
 ParOldGen       total 68608K, used 2879K [0x00000000c0000000, 0x00000000c4300000, 0x00000000eab00000)
  object space 68608K, 4% used [0x00000000c0000000,0x00000000c02cfc90,0x00000000c4300000)
 Metaspace       used 21079K, committed 21504K, reserved 1073152K
  class space    used 2147K, committed 2368K, reserved 1048576K
}
Event: 8.426 GC heap after
{Heap after GC invocations=4 (full 0):
 PSYoungGen      total 29696K, used 4089K [0x00000000eab00000, 0x00000000ecc00000, 0x0000000100000000)
  eden space 25600K, 0% used [0x00000000eab00000,0x00000000eab00000,0x00000000ec400000)
  from space 4096K, 99% used [0x00000000ec800000,0x00000000ecbfe4b8,0x00000000ecc00000)
  to   space 4096K, 0% used [0x00000000ec400000,0x00000000ec400000,0x00000000ec800000)
 ParOldGen       total 68608K, used 3311K [0x00000000c0000000, 0x00000000c4300000, 0x00000000eab00000)
  object space 68608K, 4% used [0x00000000c0000000,0x00000000c033bcc0,0x00000000c4300000)
 Metaspace       used 21079K, committed 21504K, reserved 1073152K
  class space    used 2147K, committed 2368K, reserved 1048576K
}
Event: 8.426 GC heap before
{Heap before GC invocations=5 (full 1):
 PSYoungGen      total 29696K, used 4089K [0x00000000eab00000, 0x00000000ecc00000, 0x0000000100000000)
  eden space 25600K, 0% used [0x00000000eab00000,0x00000000eab00000,0x00000000ec400000)
  from space 4096K, 99% used [0x00000000ec800000,0x00000000ecbfe4b8,0x00000000ecc00000)
  to   space 4096K, 0% used [0x00000000ec400000,0x00000000ec400000,0x00000000ec800000)
 ParOldGen       total 68608K, used 3311K [0x00000000c0000000, 0x00000000c4300000, 0x00000000eab00000)
  object space 68608K, 4% used [0x00000000c0000000,0x00000000c033bcc0,0x00000000c4300000)
 Metaspace       used 21079K, committed 21504K, reserved 1073152K
  class space    used 2147K, committed 2368K, reserved 1048576K
}
Event: 8.493 GC heap after
{Heap after GC invocations=5 (full 1):
 PSYoungGen      total 29696K, used 0K [0x00000000eab00000, 0x00000000ecc00000, 0x0000000100000000)
  eden space 25600K, 0% used [0x00000000eab00000,0x00000000eab00000,0x00000000ec400000)
  from space 4096K, 0% used [0x00000000ec800000,0x00000000ec800000,0x00000000ecc00000)
  to   space 4096K, 0% used [0x00000000ec400000,0x00000000ec400000,0x00000000ec800000)
 ParOldGen       total 68608K, used 7255K [0x00000000c0000000, 0x00000000c4300000, 0x00000000eab00000)
  object space 68608K, 10% used [0x00000000c0000000,0x00000000c0715f70,0x00000000c4300000)
 Metaspace       used 21066K, committed 21504K, reserved 1073152K
  class space    used 2144K, committed 2368K, reserved 1048576K
}
Event: 9.245 GC heap before
{Heap before GC invocations=6 (full 1):
 PSYoungGen      total 29696K, used 25600K [0x00000000eab00000, 0x00000000ecc00000, 0x0000000100000000)
  eden space 25600K, 100% used [0x00000000eab00000,0x00000000ec400000,0x00000000ec400000)
  from space 4096K, 0% used [0x00000000ec800000,0x00000000ec800000,0x00000000ecc00000)
  to   space 4096K, 0% used [0x00000000ec400000,0x00000000ec400000,0x00000000ec800000)
 ParOldGen       total 68608K, used 7255K [0x00000000c0000000, 0x00000000c4300000, 0x00000000eab00000)
  object space 68608K, 10% used [0x00000000c0000000,0x00000000c0715f70,0x00000000c4300000)
 Metaspace       used 24664K, committed 25088K, reserved 1073152K
  class space    used 2391K, committed 2624K, reserved 1048576K
}
Event: 9.247 GC heap after
{Heap after GC invocations=6 (full 1):
 PSYoungGen      total 25600K, used 243K [0x00000000eab00000, 0x00000000ec880000, 0x0000000100000000)
  eden space 25088K, 0% used [0x00000000eab00000,0x00000000eab00000,0x00000000ec380000)
  from space 512K, 47% used [0x00000000ec400000,0x00000000ec43cd70,0x00000000ec480000)
  to   space 2048K, 0% used [0x00000000ec680000,0x00000000ec680000,0x00000000ec880000)
 ParOldGen       total 68608K, used 7255K [0x00000000c0000000, 0x00000000c4300000, 0x00000000eab00000)
  object space 68608K, 10% used [0x00000000c0000000,0x00000000c0715f70,0x00000000c4300000)
 Metaspace       used 24664K, committed 25088K, reserved 1073152K
  class space    used 2391K, committed 2624K, reserved 1048576K
}
Event: 10.484 GC heap before
{Heap before GC invocations=7 (full 1):
 PSYoungGen      total 25600K, used 25331K [0x00000000eab00000, 0x00000000ec880000, 0x0000000100000000)
  eden space 25088K, 100% used [0x00000000eab00000,0x00000000ec380000,0x00000000ec380000)
  from space 512K, 47% used [0x00000000ec400000,0x00000000ec43cd70,0x00000000ec480000)
  to   space 2048K, 0% used [0x00000000ec680000,0x00000000ec680000,0x00000000ec880000)
 ParOldGen       total 68608K, used 7255K [0x00000000c0000000, 0x00000000c4300000, 0x00000000eab00000)
  object space 68608K, 10% used [0x00000000c0000000,0x00000000c0715f70,0x00000000c4300000)
 Metaspace       used 27718K, committed 28160K, reserved 1081344K
  class space    used 2672K, committed 2880K, reserved 1048576K
}
Event: 10.485 GC heap after
{Heap after GC invocations=7 (full 1):
 PSYoungGen      total 25600K, used 982K [0x00000000eab00000, 0x00000000ec780000, 0x0000000100000000)
  eden space 24576K, 0% used [0x00000000eab00000,0x00000000eab00000,0x00000000ec300000)
  from space 1024K, 95% used [0x00000000ec680000,0x00000000ec775bc0,0x00000000ec780000)
  to   space 1536K, 0% used [0x00000000ec480000,0x00000000ec480000,0x00000000ec600000)
 ParOldGen       total 68608K, used 7263K [0x00000000c0000000, 0x00000000c4300000, 0x00000000eab00000)
  object space 68608K, 10% used [0x00000000c0000000,0x00000000c0717f70,0x00000000c4300000)
 Metaspace       used 27718K, committed 28160K, reserved 1081344K
  class space    used 2672K, committed 2880K, reserved 1048576K
}

Dll operation events (10 events):
Event: 0.027 Loaded shared library c:\Users\LENOVO\.vscode\extensions\redhat.java-1.13.0-win32-x64\jre\17.0.5-win32-x86_64\bin\java.dll
Event: 0.609 Loaded shared library c:\Users\LENOVO\.vscode\extensions\redhat.java-1.13.0-win32-x64\jre\17.0.5-win32-x86_64\bin\zip.dll
Event: 0.618 Loaded shared library C:\Users\LENOVO\.vscode\extensions\redhat.java-1.13.0-win32-x64\jre\17.0.5-win32-x86_64\bin\instrument.dll
Event: 0.661 Loaded shared library C:\Users\LENOVO\.vscode\extensions\redhat.java-1.13.0-win32-x64\jre\17.0.5-win32-x86_64\bin\net.dll
Event: 0.667 Loaded shared library C:\Users\LENOVO\.vscode\extensions\redhat.java-1.13.0-win32-x64\jre\17.0.5-win32-x86_64\bin\nio.dll
Event: 0.689 Loaded shared library C:\Users\LENOVO\.vscode\extensions\redhat.java-1.13.0-win32-x64\jre\17.0.5-win32-x86_64\bin\zip.dll
Event: 0.734 Loaded shared library C:\Users\LENOVO\.vscode\extensions\redhat.java-1.13.0-win32-x64\jre\17.0.5-win32-x86_64\bin\jimage.dll
Event: 0.889 Loaded shared library c:\Users\LENOVO\.vscode\extensions\redhat.java-1.13.0-win32-x64\jre\17.0.5-win32-x86_64\bin\verify.dll
Event: 5.349 Loaded shared library C:\Users\LENOVO\AppData\Roaming\Code\User\globalStorage\redhat.java\1.13.0\config_ss_win\org.eclipse.equinox.launcher\org.eclipse.equinox.launcher.win32.win32.x86_64_1.2.600.v20220720-1916\eclipse_11700.dll
Event: 11.674 Loaded shared library C:\Users\LENOVO\AppData\Local\Temp\jna--2053026509\jna14006003813515590107.dll

Deoptimization events (20 events):
Event: 11.597 Thread 0x000000c61b6a16b0 Uncommon trap: trap_request=0xffffff45 fr.pc=0x000000c60f58aa74 relative=0x0000000000000674
Event: 11.597 Thread 0x000000c61b6a16b0 Uncommon trap: reason=unstable_if action=reinterpret pc=0x000000c60f58aa74 method=java.lang.String.replace(Ljava/lang/CharSequence;Ljava/lang/CharSequence;)Ljava/lang/String; @ 42 c2
Event: 11.597 Thread 0x000000c61b6a16b0 DEOPT PACKING pc=0x000000c60f58aa74 sp=0x000000c61d9cb870
Event: 11.597 Thread 0x000000c61b6a16b0 DEOPT UNPACKING pc=0x000000c607ad209d sp=0x000000c61d9cb800 mode 2
Event: 11.760 Thread 0x000000c61b6a16b0 Uncommon trap: trap_request=0xffffff45 fr.pc=0x000000c60f62c960 relative=0x0000000000000a00
Event: 11.760 Thread 0x000000c61b6a16b0 Uncommon trap: reason=unstable_if action=reinterpret pc=0x000000c60f62c960 method=jdk.internal.org.objectweb.asm.SymbolTable.put(Ljdk/internal/org/objectweb/asm/SymbolTable$Entry;)Ljdk/internal/org/objectweb/asm/SymbolTable$Entry; @ 13 c2
Event: 11.760 Thread 0x000000c61b6a16b0 DEOPT PACKING pc=0x000000c60f62c960 sp=0x000000c61d9cbd40
Event: 11.760 Thread 0x000000c61b6a16b0 DEOPT UNPACKING pc=0x000000c607ad209d sp=0x000000c61d9cbc88 mode 2
Event: 11.810 Thread 0x000000c61b6a16b0 Uncommon trap: trap_request=0xffffff76 fr.pc=0x000000c60f6382e0 relative=0x0000000000000620
Event: 11.810 Thread 0x000000c61b6a16b0 Uncommon trap: reason=predicate action=maybe_recompile pc=0x000000c60f6382e0 method=java.util.TreeMap.getEntryUsingComparator(Ljava/lang/Object;)Ljava/util/TreeMap$Entry; @ 19 c2
Event: 11.810 Thread 0x000000c61b6a16b0 DEOPT PACKING pc=0x000000c60f6382e0 sp=0x000000c61d9cc910
Event: 11.810 Thread 0x000000c61b6a16b0 DEOPT UNPACKING pc=0x000000c607ad209d sp=0x000000c61d9cc830 mode 2
Event: 11.971 Thread 0x000000c604e3dad0 Uncommon trap: trap_request=0xffffff76 fr.pc=0x000000c60f637160 relative=0x0000000000000620
Event: 11.971 Thread 0x000000c604e3dad0 Uncommon trap: reason=predicate action=maybe_recompile pc=0x000000c60f637160 method=java.util.TreeMap.getEntryUsingComparator(Ljava/lang/Object;)Ljava/util/TreeMap$Entry; @ 19 c2
Event: 11.971 Thread 0x000000c604e3dad0 DEOPT PACKING pc=0x000000c60f637160 sp=0x000000c6044fe110
Event: 11.971 Thread 0x000000c604e3dad0 DEOPT UNPACKING pc=0x000000c607ad209d sp=0x000000c6044fe0c0 mode 2
Event: 12.902 Thread 0x000000c604e3dad0 Uncommon trap: trap_request=0xffffff45 fr.pc=0x000000c60f5fd6b4 relative=0x0000000000000114
Event: 12.902 Thread 0x000000c604e3dad0 Uncommon trap: reason=unstable_if action=reinterpret pc=0x000000c60f5fd6b4 method=jdk.internal.org.objectweb.asm.SymbolTable.put(Ljdk/internal/org/objectweb/asm/SymbolTable$Entry;)Ljdk/internal/org/objectweb/asm/SymbolTable$Entry; @ 13 c2
Event: 12.902 Thread 0x000000c604e3dad0 DEOPT PACKING pc=0x000000c60f5fd6b4 sp=0x000000c6044fd9c0
Event: 12.902 Thread 0x000000c604e3dad0 DEOPT UNPACKING pc=0x000000c607ad209d sp=0x000000c6044fd920 mode 2

Classes unloaded (7 events):
Event: 8.440 Thread 0x000000c604ebeca0 Unloading class 0x000000010020e400 'java/lang/invoke/LambdaForm$MH+0x000000010020e400'
Event: 8.441 Thread 0x000000c604ebeca0 Unloading class 0x000000010020e000 'java/lang/invoke/LambdaForm$MH+0x000000010020e000'
Event: 8.441 Thread 0x000000c604ebeca0 Unloading class 0x000000010020dc00 'java/lang/invoke/LambdaForm$MH+0x000000010020dc00'
Event: 8.441 Thread 0x000000c604ebeca0 Unloading class 0x000000010020d400 'java/lang/invoke/LambdaForm$MH+0x000000010020d400'
Event: 8.441 Thread 0x000000c604ebeca0 Unloading class 0x000000010020d000 'java/lang/invoke/LambdaForm$BMH+0x000000010020d000'
Event: 8.441 Thread 0x000000c604ebeca0 Unloading class 0x000000010020cc00 'java/lang/invoke/LambdaForm$DMH+0x000000010020cc00'
Event: 8.441 Thread 0x000000c604ebeca0 Unloading class 0x000000010020a000 'java/lang/invoke/LambdaForm$DMH+0x000000010020a000'

Classes redefined (0 events):
No events

Internal exceptions (20 events):
Event: 8.140 Thread 0x000000c61b6a16b0 Exception <a 'java/lang/IncompatibleClassChangeError'{0x00000000eabe1030}: Found class java.lang.Object, but interface was expected> (0x00000000eabe1030) 
thrown [s\src\hotspot\share\interpreter\linkResolver.cpp, line 826]
Event: 8.261 Thread 0x000000c61b45da10 Exception <a 'java/io/FileNotFoundException'{0x00000000eabb45a8}> (0x00000000eabb45a8) 
thrown [s\src\hotspot\share\prims\jni.cpp, line 516]
Event: 9.932 Thread 0x000000c61b6a16b0 Exception <a 'java/lang/ClassNotFoundException'{0x00000000ebf18180}: com/sun/org/apache/xerces/internal/impl/msg/spi/DOMMessagesProvider> (0x00000000ebf18180) 
thrown [s\src\hotspot\share\classfile\systemDictionary.cpp, line 256]
Event: 9.940 Thread 0x000000c61b6a16b0 Exception <a 'java/lang/ClassNotFoundException'{0x00000000ebf3ec00}: com/sun/org/apache/xerces/internal/impl/msg/spi/XMLSerializerMessagesProvider> (0x00000000ebf3ec00) 
thrown [s\src\hotspot\share\classfile\systemDictionary.cpp, line 256]
Event: 9.985 Thread 0x000000c61b6a16b0 Exception <a 'java/lang/ClassNotFoundException'{0x00000000ebf4cc10}: com/sun/org/apache/xerces/internal/impl/msg/spi/XMLMessagesProvider> (0x00000000ebf4cc10) 
thrown [s\src\hotspot\share\classfile\systemDictionary.cpp, line 256]
Event: 10.286 Thread 0x000000c61b6a16b0 Exception <a 'java/lang/NoSuchMethodError'{0x00000000ec1af388}: 'java.lang.Object java.lang.invoke.DirectMethodHandle$Holder.invokeStaticInit(java.lang.Object, int, int, int, int)'> (0x00000000ec1af388) 
thrown [s\src\hotspot\share\interpreter\linkResolver.cpp, line 759]
Event: 10.380 Thread 0x000000c61b6a16b0 Exception <a 'java/lang/NoSuchMethodError'{0x00000000ec233a20}: 'java.lang.Object java.lang.invoke.DirectMethodHandle$Holder.invokeStaticInit(java.lang.Object, java.lang.Object, int, int, int, int)'> (0x00000000ec233a20) 
thrown [s\src\hotspot\share\interpreter\linkResolver.cpp, line 759]
Event: 10.647 Thread 0x000000c61b6a16b0 Exception <a 'java/lang/ClassNotFoundException'{0x00000000eace5020}: com/sun/org/apache/xml/internal/serializer/spi/XMLEntitiesProvider> (0x00000000eace5020) 
thrown [s\src\hotspot\share\classfile\systemDictionary.cpp, line 256]
Event: 11.111 Thread 0x000000c61b6a16b0 Exception <a 'java/io/FileNotFoundException'{0x00000000eb0424a8}> (0x00000000eb0424a8) 
thrown [s\src\hotspot\share\prims\jni.cpp, line 516]
Event: 11.773 Thread 0x000000c61b6a16b0 Exception <a 'java/lang/UnsatisfiedLinkError'{0x00000000eb39dd08}: The specified procedure could not be found.
> (0x00000000eb39dd08) 
thrown [s\src\hotspot\share\prims\jni.cpp, line 535]
Event: 11.780 Thread 0x000000c61b6a16b0 Exception <a 'java/io/FileNotFoundException'{0x00000000eb3c0c58}> (0x00000000eb3c0c58) 
thrown [s\src\hotspot\share\prims\jni.cpp, line 516]
Event: 11.852 Thread 0x000000c61b6a16b0 Exception <a 'java/io/FileNotFoundException'{0x00000000eb433780}> (0x00000000eb433780) 
thrown [s\src\hotspot\share\prims\jni.cpp, line 516]
Event: 11.952 Thread 0x000000c61b6a16b0 Exception <a 'java/lang/UnsatisfiedLinkError'{0x00000000eb4be850}: The specified procedure could not be found.
> (0x00000000eb4be850) 
thrown [s\src\hotspot\share\prims\jni.cpp, line 535]
Event: 12.138 Thread 0x000000c604e3dad0 Exception <a 'java/lang/NoSuchMethodError'{0x00000000eb5db528}: 'java.lang.Object java.lang.invoke.DirectMethodHandle$Holder.invokeStatic(java.lang.Object, java.lang.Object, long, java.lang.Object)'> (0x00000000eb5db528) 
thrown [s\src\hotspot\share\interpreter\linkResolver.cpp, line 759]
Event: 12.139 Thread 0x000000c604e3dad0 Exception <a 'java/lang/NoSuchMethodError'{0x00000000eb5defc0}: 'java.lang.Object java.lang.invoke.DirectMethodHandle$Holder.invokeStaticInit(java.lang.Object, java.lang.Object, long, java.lang.Object)'> (0x00000000eb5defc0) 
thrown [s\src\hotspot\share\interpreter\linkResolver.cpp, line 759]
Event: 12.140 Thread 0x000000c604e3dad0 Exception <a 'java/lang/NoSuchMethodError'{0x00000000eb5e55d0}: 'java.lang.Object java.lang.invoke.DirectMethodHandle$Holder.newInvokeSpecial(java.lang.Object, java.lang.Object, long)'> (0x00000000eb5e55d0) 
thrown [s\src\hotspot\share\interpreter\linkResolver.cpp, line 759]
Event: 12.143 Thread 0x000000c604e3dad0 Exception <a 'java/lang/NoSuchMethodError'{0x00000000eb5e9140}: 'java.lang.Object java.lang.invoke.Invokers$Holder.linkToTargetMethod(java.lang.Object, long, java.lang.Object)'> (0x00000000eb5e9140) 
thrown [s\src\hotspot\share\interpreter\linkResolver.cpp, line 759]
Event: 12.295 Thread 0x000000c604e3dad0 Exception <a 'java/lang/NoSuchMethodError'{0x00000000eb78e610}: 'void java.lang.invoke.DirectMethodHandle$Holder.invokeStatic(java.lang.Object, java.lang.Object, java.lang.Object, java.lang.Object)'> (0x00000000eb78e610) 
thrown [s\src\hotspot\share\interpreter\linkResolver.cpp, line 759]
Event: 12.840 Thread 0x000000c604e3dad0 Exception <a 'java/lang/NoSuchMethodError'{0x00000000ebee1ad8}: 'void java.lang.invoke.DirectMethodHandle$Holder.invokeSpecial(java.lang.Object, java.lang.Object, java.lang.Object, java.lang.Object, java.lang.Object, java.lang.Object)'> (0x00000000ebee1ad8) 
thrown [s\src\hotspot\share\interpreter\linkResolver.cpp, line 759]
Event: 12.848 Thread 0x000000c604e3dad0 Exception <a 'java/lang/NoSuchMethodError'{0x00000000ebee9190}: 'java.lang.Object java.lang.invoke.DirectMethodHandle$Holder.newInvokeSpecial(java.lang.Object, java.lang.Object, java.lang.Object, java.lang.Object, java.lang.Object)'> (0x00000000ebee9190) 
thrown [s\src\hotspot\share\interpreter\linkResolver.cpp, line 759]

VM Operations (20 events):
Event: 7.293 Executing VM operation: HandshakeAllThreads
Event: 7.293 Executing VM operation: HandshakeAllThreads done
Event: 8.084 Executing VM operation: ParallelGCFailedAllocation
Event: 8.102 Executing VM operation: ParallelGCFailedAllocation done
Event: 8.214 Executing VM operation: HandshakeAllThreads
Event: 8.214 Executing VM operation: HandshakeAllThreads done
Event: 8.418 Executing VM operation: CollectForMetadataAllocation
Event: 8.494 Executing VM operation: CollectForMetadataAllocation done
Event: 9.245 Executing VM operation: ParallelGCFailedAllocation
Event: 9.247 Executing VM operation: ParallelGCFailedAllocation done
Event: 10.139 Executing VM operation: HandshakeAllThreads
Event: 10.200 Executing VM operation: HandshakeAllThreads done
Event: 10.484 Executing VM operation: ParallelGCFailedAllocation
Event: 10.485 Executing VM operation: ParallelGCFailedAllocation done
Event: 10.865 Executing VM operation: HandshakeAllThreads
Event: 10.865 Executing VM operation: HandshakeAllThreads done
Event: 11.742 Executing VM operation: HandshakeAllThreads
Event: 11.742 Executing VM operation: HandshakeAllThreads done
Event: 11.742 Executing VM operation: Cleanup
Event: 11.742 Executing VM operation: Cleanup done

Events (20 events):
Event: 12.724 loading class java/util/Currency
Event: 12.725 loading class java/util/Currency done
Event: 12.736 loading class java/util/concurrent/atomic/AtomicLongArray
Event: 12.737 loading class java/util/concurrent/atomic/AtomicLongArray done
Event: 13.001 loading class sun/util/locale/provider/DateFormatProviderImpl
Event: 13.001 loading class sun/util/locale/provider/DateFormatProviderImpl done
Event: 13.002 loading class java/text/MessageFormat
Event: 13.003 loading class java/text/MessageFormat done
Event: 13.003 loading class java/text/MessageFormat$Field
Event: 13.003 loading class java/text/MessageFormat$Field done
Event: 13.005 Thread 0x000000c61b7bf9e0 Thread added: 0x000000c61b7bf9e0
Event: 13.154 loading class sun/reflect/generics/repository/FieldRepository
Event: 13.154 loading class sun/reflect/generics/repository/FieldRepository done
Event: 13.164 loading class jdk/internal/reflect/UnsafeQualifiedIntegerFieldAccessorImpl
Event: 13.165 loading class jdk/internal/reflect/UnsafeQualifiedIntegerFieldAccessorImpl done
Event: 13.312 Thread 0x000000c61b66f530 Thread exited: 0x000000c61b66f530
Event: 13.463 loading class java/io/InvalidObjectException
Event: 13.463 loading class java/io/ObjectStreamException
Event: 13.463 loading class java/io/ObjectStreamException done
Event: 13.463 loading class java/io/InvalidObjectException done


Dynamic libraries:
0x00007ff6b0800000 - 0x00007ff6b080e000 	c:\Users\LENOVO\.vscode\extensions\redhat.java-1.13.0-win32-x64\jre\17.0.5-win32-x86_64\bin\java.exe
0x00007ffd74860000 - 0x00007ffd74a0c000 	C:\Windows\SYSTEM32\ntdll.dll
0x00007ffd74590000 - 0x00007ffd746ca000 	C:\Windows\system32\KERNEL32.DLL
0x00007ffd71df0000 - 0x00007ffd71f00000 	C:\Windows\system32\KERNELBASE.dll
0x00007ffd6c140000 - 0x00007ffd6c157000 	c:\Users\LENOVO\.vscode\extensions\redhat.java-1.13.0-win32-x64\jre\17.0.5-win32-x86_64\bin\jli.dll
0x00007ffd67630000 - 0x00007ffd67649000 	c:\Users\LENOVO\.vscode\extensions\redhat.java-1.13.0-win32-x64\jre\17.0.5-win32-x86_64\bin\VCRUNTIME140.dll
0x00007ffd6c570000 - 0x00007ffd6c574000 	c:\Users\LENOVO\.vscode\extensions\redhat.java-1.13.0-win32-x64\jre\17.0.5-win32-x86_64\bin\api-ms-win-crt-stdio-l1-1-0.dll
0x00007ffd6c040000 - 0x00007ffd6c044000 	c:\Users\LENOVO\.vscode\extensions\redhat.java-1.13.0-win32-x64\jre\17.0.5-win32-x86_64\bin\api-ms-win-crt-runtime-l1-1-0.dll
0x00007ffd6bd20000 - 0x00007ffd6bd23000 	c:\Users\LENOVO\.vscode\extensions\redhat.java-1.13.0-win32-x64\jre\17.0.5-win32-x86_64\bin\api-ms-win-crt-environment-l1-1-0.dll
0x00007ffd69680000 - 0x00007ffd69685000 	c:\Users\LENOVO\.vscode\extensions\redhat.java-1.13.0-win32-x64\jre\17.0.5-win32-x86_64\bin\api-ms-win-crt-math-l1-1-0.dll
0x00007ffd68c50000 - 0x00007ffd68c53000 	c:\Users\LENOVO\.vscode\extensions\redhat.java-1.13.0-win32-x64\jre\17.0.5-win32-x86_64\bin\api-ms-win-crt-locale-l1-1-0.dll
0x00007ffd689d0000 - 0x00007ffd689d3000 	c:\Users\LENOVO\.vscode\extensions\redhat.java-1.13.0-win32-x64\jre\17.0.5-win32-x86_64\bin\api-ms-win-crt-heap-l1-1-0.dll
0x00007ffd6f990000 - 0x00007ffd6fbea000 	C:\Windows\WinSxS\amd64_microsoft.windows.common-controls_6595b64144ccf1df_6.0.9600.17031_none_6242a4b3ecbb55a1\COMCTL32.dll
0x00007ffd74410000 - 0x00007ffd74581000 	C:\Windows\system32\USER32.dll
0x00007ffd685c0000 - 0x00007ffd685c3000 	c:\Users\LENOVO\.vscode\extensions\redhat.java-1.13.0-win32-x64\jre\17.0.5-win32-x86_64\bin\api-ms-win-crt-filesystem-l1-1-0.dll
0x00007ffd67f50000 - 0x00007ffd67f54000 	c:\Users\LENOVO\.vscode\extensions\redhat.java-1.13.0-win32-x64\jre\17.0.5-win32-x86_64\bin\api-ms-win-crt-string-l1-1-0.dll
0x00007ffd67ba0000 - 0x00007ffd67ba4000 	c:\Users\LENOVO\.vscode\extensions\redhat.java-1.13.0-win32-x64\jre\17.0.5-win32-x86_64\bin\api-ms-win-crt-convert-l1-1-0.dll
0x00007ffd73f10000 - 0x00007ffd73fb7000 	C:\Windows\system32\msvcrt.dll
0x00007ffd74710000 - 0x00007ffd74855000 	C:\Windows\system32\GDI32.dll
0x00007ffd57f20000 - 0x00007ffd5801a000 	c:\Users\LENOVO\.vscode\extensions\redhat.java-1.13.0-win32-x64\jre\17.0.5-win32-x86_64\bin\ucrtbase.DLL
0x00007ffd746d0000 - 0x00007ffd74704000 	C:\Windows\system32\IMM32.DLL
0x00007ffd73dd0000 - 0x00007ffd73f09000 	C:\Windows\system32\MSCTF.dll
0x00007ffd66fb0000 - 0x00007ffd66ff1000 	C:\Program Files (x86)\K7 Computing\K7TSecurity\K7CrvrEx64.dll
0x00007ffd67660000 - 0x00007ffd6766c000 	c:\Users\LENOVO\.vscode\extensions\redhat.java-1.13.0-win32-x64\jre\17.0.5-win32-x86_64\bin\vcruntime140_1.dll
0x00007ffd5ad80000 - 0x00007ffd5ae11000 	c:\Users\LENOVO\.vscode\extensions\redhat.java-1.13.0-win32-x64\jre\17.0.5-win32-x86_64\bin\msvcp140.dll
0x00007ffd67270000 - 0x00007ffd67273000 	c:\Users\LENOVO\.vscode\extensions\redhat.java-1.13.0-win32-x64\jre\17.0.5-win32-x86_64\bin\api-ms-win-crt-time-l1-1-0.dll
0x00007ffd66fa0000 - 0x00007ffd66fa3000 	c:\Users\LENOVO\.vscode\extensions\redhat.java-1.13.0-win32-x64\jre\17.0.5-win32-x86_64\bin\api-ms-win-crt-utility-l1-1-0.dll
0x00007ffd4d9a0000 - 0x00007ffd4e5e4000 	c:\Users\LENOVO\.vscode\extensions\redhat.java-1.13.0-win32-x64\jre\17.0.5-win32-x86_64\bin\server\jvm.dll
0x00007ffd73d10000 - 0x00007ffd73db5000 	C:\Windows\system32\ADVAPI32.dll
0x00007ffd67650000 - 0x00007ffd67659000 	C:\Windows\SYSTEM32\WSOCK32.dll
0x00007ffd6e6a0000 - 0x00007ffd6e6bf000 	C:\Windows\SYSTEM32\WINMM.dll
0x00007ffd6a880000 - 0x00007ffd6a88a000 	C:\Windows\SYSTEM32\VERSION.dll
0x00007ffd73b30000 - 0x00007ffd73b87000 	C:\Windows\SYSTEM32\sechost.dll
0x00007ffd72500000 - 0x00007ffd72636000 	C:\Windows\system32\RPCRT4.dll
0x00007ffd74350000 - 0x00007ffd743a8000 	C:\Windows\system32\WS2_32.dll
0x00007ffd6e640000 - 0x00007ffd6e66a000 	C:\Windows\SYSTEM32\WINMMBASE.dll
0x00007ffd73fc0000 - 0x00007ffd73fc9000 	C:\Windows\system32\NSI.dll
0x00007ffd71ca0000 - 0x00007ffd71cea000 	C:\Windows\SYSTEM32\cfgmgr32.dll
0x00007ffd70a60000 - 0x00007ffd70a86000 	C:\Windows\SYSTEM32\DEVOBJ.dll
0x00007ffd66e00000 - 0x00007ffd66e0a000 	c:\Users\LENOVO\.vscode\extensions\redhat.java-1.13.0-win32-x64\jre\17.0.5-win32-x86_64\bin\jimage.dll
0x00007ffd66e10000 - 0x00007ffd66f98000 	C:\Windows\SYSTEM32\DBGHELP.DLL
0x00007ffd665e0000 - 0x00007ffd665ee000 	c:\Users\LENOVO\.vscode\extensions\redhat.java-1.13.0-win32-x64\jre\17.0.5-win32-x86_64\bin\instrument.dll
0x00007ffd66110000 - 0x00007ffd66135000 	c:\Users\LENOVO\.vscode\extensions\redhat.java-1.13.0-win32-x64\jre\17.0.5-win32-x86_64\bin\java.dll
0x00007ffd660f0000 - 0x00007ffd66108000 	c:\Users\LENOVO\.vscode\extensions\redhat.java-1.13.0-win32-x64\jre\17.0.5-win32-x86_64\bin\zip.dll
0x00007ffd72650000 - 0x00007ffd73a67000 	C:\Windows\system32\SHELL32.dll
0x00007ffd73fd0000 - 0x00007ffd741a6000 	C:\Windows\SYSTEM32\combase.dll
0x00007ffd743b0000 - 0x00007ffd74401000 	C:\Windows\system32\SHLWAPI.dll
0x00007ffd70210000 - 0x00007ffd702af000 	C:\Windows\SYSTEM32\SHCORE.dll
0x00007ffd71bd0000 - 0x00007ffd71be4000 	C:\Windows\SYSTEM32\profapi.dll
0x00007ffd5ff50000 - 0x00007ffd5ff69000 	C:\Users\LENOVO\.vscode\extensions\redhat.java-1.13.0-win32-x64\jre\17.0.5-win32-x86_64\bin\net.dll
0x00007ffd6a570000 - 0x00007ffd6a635000 	C:\Windows\SYSTEM32\WINHTTP.dll
0x00007ffd71430000 - 0x00007ffd71488000 	C:\Windows\system32\mswsock.dll
0x00007ffd5ff30000 - 0x00007ffd5ff45000 	C:\Users\LENOVO\.vscode\extensions\redhat.java-1.13.0-win32-x64\jre\17.0.5-win32-x86_64\bin\nio.dll
0x00007ffd665d0000 - 0x00007ffd665e0000 	c:\Users\LENOVO\.vscode\extensions\redhat.java-1.13.0-win32-x64\jre\17.0.5-win32-x86_64\bin\verify.dll
0x00007ffd5f370000 - 0x00007ffd5f3ae000 	C:\Users\LENOVO\AppData\Roaming\Code\User\globalStorage\redhat.java\1.13.0\config_ss_win\org.eclipse.equinox.launcher\org.eclipse.equinox.launcher.win32.win32.x86_64_1.2.600.v20220720-1916\eclipse_11700.dll
0x00007ffd73b90000 - 0x00007ffd73d08000 	C:\Windows\system32\ole32.dll
0x00007ffd71490000 - 0x00007ffd714ae000 	C:\Windows\SYSTEM32\CRYPTSP.dll
0x00007ffd710d0000 - 0x00007ffd71105000 	C:\Windows\system32\rsaenh.dll
0x00007ffd716e0000 - 0x00007ffd71706000 	C:\Windows\SYSTEM32\bcrypt.dll
0x00007ffd711e0000 - 0x00007ffd711ff000 	C:\Windows\SYSTEM32\USERENV.dll
0x00007ffd719e0000 - 0x00007ffd71a40000 	C:\Windows\system32\bcryptprimitives.dll
0x00007ffd71a40000 - 0x00007ffd71a4a000 	C:\Windows\SYSTEM32\CRYPTBASE.dll
0x00007ffd6ce40000 - 0x00007ffd6ce69000 	C:\Windows\SYSTEM32\IPHLPAPI.DLL
0x00007ffd6cf20000 - 0x00007ffd6cf2a000 	C:\Windows\SYSTEM32\WINNSI.DLL
0x00007ffd6cbc0000 - 0x00007ffd6cbd4000 	C:\Windows\SYSTEM32\dhcpcsvc6.DLL
0x00007ffd6cb90000 - 0x00007ffd6cba9000 	C:\Windows\SYSTEM32\dhcpcsvc.DLL
0x00007ffd5cd20000 - 0x00007ffd5cd60000 	C:\Users\LENOVO\AppData\Local\Temp\jna--2053026509\jna14006003813515590107.dll
0x00007ffd73dc0000 - 0x00007ffd73dc7000 	C:\Windows\system32\PSAPI.DLL

dbghelp: loaded successfully - version: 4.0.5 - missing functions: none
symbol engine: initialized successfully - sym options: 0x614 - pdb path: .;c:\Users\LENOVO\.vscode\extensions\redhat.java-1.13.0-win32-x64\jre\17.0.5-win32-x86_64\bin;C:\Windows\SYSTEM32;C:\Windows\WinSxS\amd64_microsoft.windows.common-controls_6595b64144ccf1df_6.0.9600.17031_none_6242a4b3ecbb55a1;C:\Program Files (x86)\K7 Computing\K7TSecurity;c:\Users\LENOVO\.vscode\extensions\redhat.java-1.13.0-win32-x64\jre\17.0.5-win32-x86_64\bin\server;C:\Users\LENOVO\AppData\Roaming\Code\User\globalStorage\redhat.java\1.13.0\config_ss_win\org.eclipse.equinox.launcher\org.eclipse.equinox.launcher.win32.win32.x86_64_1.2.600.v20220720-1916;C:\Users\LENOVO\AppData\Local\Temp\jna--2053026509

VM Arguments:
jvm_args: --add-modules=ALL-SYSTEM --add-opens=java.base/java.util=ALL-UNNAMED --add-opens=java.base/java.lang=ALL-UNNAMED --add-opens=java.base/sun.nio.fs=ALL-UNNAMED -Declipse.application=org.eclipse.jdt.ls.core.id1 -Dosgi.bundles.defaultStartLevel=4 -Declipse.product=org.eclipse.jdt.ls.core.product -Djava.import.generatesMetadataFilesAtProjectRoot=false -Dfile.encoding=utf8 -XX:+UseParallelGC -XX:GCTimeRatio=4 -XX:AdaptiveSizePolicyWeight=90 -Dsun.zip.disableMemoryMapping=true -Xmx1G -Xms100m -Xlog:disable -javaagent:c:\Users\LENOVO\.vscode\extensions\redhat.java-1.13.0-win32-x64\lombok\lombok-1.18.24.jar 
java_command: c:\Users\LENOVO\.vscode\extensions\redhat.java-1.13.0-win32-x64\server\plugins\org.eclipse.equinox.launcher_1.6.400.v20210924-0641.jar -configuration c:\Users\LENOVO\AppData\Roaming\Code\User\globalStorage\redhat.java\1.13.0\config_ss_win -data c:\Users\LENOVO\AppData\Roaming\Code\User\workspaceStorage\5bfb5c783ddd0de21788c569a3903535\redhat.java\ss_ws
java_class_path (initial): c:\Users\LENOVO\.vscode\extensions\redhat.java-1.13.0-win32-x64\server\plugins\org.eclipse.equinox.launcher_1.6.400.v20210924-0641.jar
Launcher Type: SUN_STANDARD

[Global flags]
    uintx AdaptiveSizePolicyWeight                 = 90                                        {product} {command line}
     intx CICompilerCount                          = 2                                         {product} {ergonomic}
    uintx GCTimeRatio                              = 4                                         {product} {command line}
   size_t InitialHeapSize                          = 104857600                                 {product} {command line}
   size_t MaxHeapSize                              = 1073741824                                {product} {command line}
   size_t MaxNewSize                               = 357564416                                 {product} {ergonomic}
   size_t MinHeapDeltaBytes                        = 524288                                    {product} {ergonomic}
   size_t MinHeapSize                              = 104857600                                 {product} {command line}
   size_t NewSize                                  = 34603008                                  {product} {ergonomic}
    uintx NonNMethodCodeHeapSize                   = 5826188                                {pd product} {ergonomic}
    uintx NonProfiledCodeHeapSize                  = 122916026                              {pd product} {ergonomic}
   size_t OldSize                                  = 70254592                                  {product} {ergonomic}
    uintx ProfiledCodeHeapSize                     = 122916026                              {pd product} {ergonomic}
    uintx ReservedCodeCacheSize                    = 251658240                              {pd product} {ergonomic}
     bool SegmentedCodeCache                       = true                                      {product} {ergonomic}
   size_t SoftMaxHeapSize                          = 1073741824                             {manageable} {ergonomic}
     bool UseCompressedClassPointers               = true                           {product lp64_product} {ergonomic}
     bool UseCompressedOops                        = true                           {product lp64_product} {ergonomic}
     bool UseLargePagesIndividualAllocation        = false                                  {pd product} {ergonomic}
     bool UseParallelGC                            = true                                      {product} {command line}

Logging:
Log output configuration:
 #0: stdout all=off uptime,level,tags
 #1: stderr all=off uptime,level,tags

Environment Variables:
JAVA_HOME=C:\Program Files\Java\jdk1.8.0_333
PATH=C:\Python311\Scripts\;C:\Python311\;E:\flutter\bin;C:\Users\LENOVO\AppData\Local\Programs\Microsoft VS Code\bin;C:\Program Files\Git\cmd;C:\ProgramData\chocolatey\bin;E:\flutter\bin;C:\Users\LENOVO\AppData\Local\Programs\Microsoft VS Code\bin;F:\andsdk\platform-tools
USERNAME=LENOVO
OS=Windows_NT
PROCESSOR_IDENTIFIER=Intel64 Family 6 Model 58 Stepping 9, GenuineIntel
TMP=C:\Users\LENOVO\AppData\Local\Temp
TEMP=C:\Users\LENOVO\AppData\Local\Temp



---------------  S Y S T E M  ---------------

OS:
 Windows 8.1 , 64 bit Build 9600 (6.3.9600.17031)
OS uptime: 5 days 23:55 hours

CPU: total 2 (initial active 2) (2 cores per cpu, 1 threads per core) family 6 model 58 stepping 9 microcode 0x1a, cx8, cmov, fxsr, mmx, sse, sse2, sse3, ssse3, sse4.1, sse4.2, popcnt, tsc, tscinvbit, erms, clmul, clflush

Memory: 4k page, system-wide physical 3709M (825M free)
TotalPageFile size 5070M (AvailPageFile size 4M)
current process WorkingSet (physical memory assigned to process): 133M, peak: 138M
current process commit charge ("private bytes"): 221M, peak: 230M

vm_info: OpenJDK 64-Bit Server VM (17.0.5+8) for windows-amd64 JRE (17.0.5+8), built on Oct 19 2022 04:48:13 by "temurin" with MS VC++ 16.7 (VS2019)

END.
