#
# There is insufficient memory for the Java Runtime Environment to continue.
# Native memory allocation (mmap) failed to map 65536 bytes for Failed to commit metaspace.
# Possible reasons:
#   The system is out of physical RAM or swap space
#   The process is running with CompressedOops enabled, and the Java Heap may be blocking the growth of the native heap
# Possible solutions:
#   Reduce memory load on the system
#   Increase physical memory or swap space
#   Check if swap backing store is full
#   Decrease Java heap size (-Xmx/-Xms)
#   Decrease number of Java threads
#   Decrease Java thread stack sizes (-Xss)
#   Set larger code cache with -XX:ReservedCodeCacheSize=
#   JVM is running with Unscaled Compressed Oops mode in which the Java heap is
#     placed in the first 4GB address space. The Java Heap base address is the
#     maximum limit for the native heap growth. Please use -XX:HeapBaseMinAddress
#     to set the Java Heap base and to place the Java Heap above 4GB virtual address.
# This output file may be truncated or incomplete.
#
#  Out of Memory Error (virtualSpaceNode.cpp:110), pid=6836, tid=7404
#
# JRE version: OpenJDK Runtime Environment Temurin-17.0.5+8 (17.0.5+8) (build 17.0.5+8)
# Java VM: OpenJDK 64-Bit Server VM Temurin-17.0.5+8 (17.0.5+8, mixed mode, tiered, compressed oops, compressed class ptrs, parallel gc, windows-amd64)
# No core dump will be written. Minidumps are not enabled by default on client versions of Windows
#

---------------  S U M M A R Y ------------

Command Line: --add-modules=ALL-SYSTEM --add-opens=java.base/java.util=ALL-UNNAMED --add-opens=java.base/java.lang=ALL-UNNAMED --add-opens=java.base/sun.nio.fs=ALL-UNNAMED -Declipse.application=org.eclipse.jdt.ls.core.id1 -Dosgi.bundles.defaultStartLevel=4 -Declipse.product=org.eclipse.jdt.ls.core.product -Djava.import.generatesMetadataFilesAtProjectRoot=false -Dfile.encoding=utf8 -XX:+UseParallelGC -XX:GCTimeRatio=4 -XX:AdaptiveSizePolicyWeight=90 -Dsun.zip.disableMemoryMapping=true -Xmx1G -Xms100m -Xlog:disable -javaagent:c:\Users\LENOVO\.vscode\extensions\redhat.java-1.13.0-win32-x64\lombok\lombok-1.18.24.jar c:\Users\LENOVO\.vscode\extensions\redhat.java-1.13.0-win32-x64\server\plugins\org.eclipse.equinox.launcher_1.6.400.v20210924-0641.jar -configuration c:\Users\LENOVO\AppData\Roaming\Code\User\globalStorage\redhat.java\1.13.0\config_ss_win -data c:\Users\LENOVO\AppData\Roaming\Code\User\workspaceStorage\5bfb5c783ddd0de21788c569a3903535\redhat.java\ss_ws

Host: Intel(R) Pentium(R) CPU A1018 @ 2.10GHz, 2 cores, 3G,  Windows 8.1 , 64 bit Build 9600 (6.3.9600.17031)
Time: Sun Dec 18 21:28:30 2022 Pacific Standard Time elapsed time: 4.263383 seconds (0d 0h 0m 4s)

---------------  T H R E A D  ---------------

Current thread (0x0000008e93629710):  JavaThread "Start Level: Equinox Container: 7fd4876d-9da1-4153-8d95-75755f4a13ab" daemon [_thread_in_vm, id=7404, stack(0x0000008e957d0000,0x0000008e958d0000)]

Stack: [0x0000008e957d0000,0x0000008e958d0000]
Native frames: (J=compiled Java code, j=interpreted, Vv=VM code, C=native code)
V  [jvm.dll+0x676b3a]
V  [jvm.dll+0x831444]
V  [jvm.dll+0x832bee]
V  [jvm.dll+0x833253]
V  [jvm.dll+0x244ce5]
V  [jvm.dll+0x82d4db]
V  [jvm.dll+0x61b2f6]
V  [jvm.dll+0x1bfd2e]
V  [jvm.dll+0x61dc41]
V  [jvm.dll+0x61bc96]
V  [jvm.dll+0x23937f]
V  [jvm.dll+0x625af5]
V  [jvm.dll+0x1e99bb]
V  [jvm.dll+0x1e9ef5]
V  [jvm.dll+0x1ea92f]
V  [jvm.dll+0x1dfdd1]
V  [jvm.dll+0x53be30]
V  [jvm.dll+0x7ac5a8]
V  [jvm.dll+0x7ac694]
V  [jvm.dll+0x40ba25]
V  [jvm.dll+0x411bb8]
C  [java.dll+0x17ec]

Java frames: (J=compiled Java code, j=interpreted, Vv=VM code)
J 1124  java.lang.ClassLoader.defineClass1(Ljava/lang/ClassLoader;Ljava/lang/String;[BIILjava/security/ProtectionDomain;Ljava/lang/String;)Ljava/lang/Class; java.base@17.0.5 (0 bytes) @ 0x0000008e87b262db [0x0000008e87b26220+0x00000000000000bb]
J 1129 c1 java.lang.ClassLoader.defineClass(Ljava/lang/String;[BIILjava/security/ProtectionDomain;)Ljava/lang/Class; java.base@17.0.5 (43 bytes) @ 0x0000008e807918c4 [0x0000008e80791580+0x0000000000000344]
j  org.eclipse.osgi.internal.loader.ModuleClassLoader.defineClass(Ljava/lang/String;[BLorg/eclipse/osgi/internal/loader/classpath/ClasspathEntry;)Lorg/eclipse/osgi/internal/loader/ModuleClassLoader$DefineClassResult;+42
j  org.eclipse.osgi.internal.loader.classpath.ClasspathManager.defineClass(Ljava/lang/String;[BLorg/eclipse/osgi/internal/loader/classpath/ClasspathEntry;Lorg/eclipse/osgi/storage/bundlefile/BundleEntry;Ljava/util/List;)Ljava/lang/Class;+424
j  org.eclipse.osgi.internal.loader.classpath.ClasspathManager.findClassImpl(Ljava/lang/String;Lorg/eclipse/osgi/internal/loader/classpath/ClasspathEntry;Ljava/util/List;)Ljava/lang/Class;+269
j  org.eclipse.osgi.internal.loader.classpath.ClasspathManager.findLocalClassImpl(Ljava/lang/String;[Lorg/eclipse/osgi/internal/loader/classpath/ClasspathEntry;Ljava/util/List;)Ljava/lang/Class;+30
j  org.eclipse.osgi.internal.loader.classpath.ClasspathManager.findLocalClassImpl(Ljava/lang/String;Ljava/util/List;)Ljava/lang/Class;+69
j  org.eclipse.osgi.internal.loader.classpath.ClasspathManager.findLocalClass(Ljava/lang/String;)Ljava/lang/Class;+113
j  org.eclipse.osgi.internal.loader.ModuleClassLoader.findLocalClass(Ljava/lang/String;)Ljava/lang/Class;+5
j  org.eclipse.osgi.internal.loader.BundleLoader.findLocalClass(Ljava/lang/String;)Ljava/lang/Class;+57
j  org.eclipse.osgi.internal.loader.BundleLoader.findClass0(Ljava/lang/String;ZZ)Ljava/lang/Class;+309
j  org.eclipse.osgi.internal.loader.BundleLoader.findClass(Ljava/lang/String;)Ljava/lang/Class;+4
j  org.eclipse.osgi.internal.loader.ModuleClassLoader.loadClass(Ljava/lang/String;Z)Ljava/lang/Class;+21
J 820 c1 java.lang.ClassLoader.loadClass(Ljava/lang/String;)Ljava/lang/Class; java.base@17.0.5 (7 bytes) @ 0x0000008e806fd83c [0x0000008e806fd740+0x00000000000000fc]
v  ~StubRoutines::call_stub
j  org.apache.felix.scr.impl.Activator.doStart()V+157
j  org.apache.felix.scr.impl.AbstractExtender.start(Lorg/osgi/framework/BundleContext;)V+34
j  org.apache.felix.scr.impl.Activator.restart(ZZ)V+156
j  org.apache.felix.scr.impl.config.ScrConfigurationImpl.configure(Ljava/util/Dictionary;Z)V+449
j  org.apache.felix.scr.impl.config.ScrConfigurationImpl.start(Lorg/osgi/framework/BundleContext;)V+43
j  org.apache.felix.scr.impl.Activator.start(Lorg/osgi/framework/BundleContext;)V+53
j  org.eclipse.osgi.internal.framework.BundleContextImpl$2.run()Ljava/lang/Void;+23
j  org.eclipse.osgi.internal.framework.BundleContextImpl$2.run()Ljava/lang/Object;+1
J 1237 c1 java.security.AccessController.executePrivileged(Ljava/security/PrivilegedExceptionAction;Ljava/security/AccessControlContext;Ljava/lang/Class;)Ljava/lang/Object; java.base@17.0.5 (65 bytes) @ 0x0000008e807c7e34 [0x0000008e807c7ce0+0x0000000000000154]
j  java.security.AccessController.doPrivileged(Ljava/security/PrivilegedExceptionAction;)Ljava/lang/Object;+9 java.base@17.0.5
j  org.eclipse.osgi.internal.framework.BundleContextImpl.startActivator(Lorg/osgi/framework/BundleActivator;)V+9
j  org.eclipse.osgi.internal.framework.BundleContextImpl.start()V+134
j  org.eclipse.osgi.internal.framework.EquinoxBundle.startWorker0()V+35
j  org.eclipse.osgi.internal.framework.EquinoxBundle$EquinoxModule.startWorker()V+4
j  org.eclipse.osgi.container.Module.doStart([Lorg/eclipse/osgi/container/Module$StartOptions;)Lorg/eclipse/osgi/container/ModuleContainerAdaptor$ModuleEvent;+190
j  org.eclipse.osgi.container.Module.start([Lorg/eclipse/osgi/container/Module$StartOptions;)V+460
j  org.eclipse.osgi.container.ModuleContainer$ContainerStartLevel$2.run()V+71
j  org.eclipse.osgi.internal.framework.EquinoxContainerAdaptor$1$1.execute(Ljava/lang/Runnable;)V+1
j  org.eclipse.osgi.container.ModuleContainer$ContainerStartLevel.incStartLevel(ILjava/util/List;Z)V+192
j  org.eclipse.osgi.container.ModuleContainer$ContainerStartLevel.incStartLevel(ILjava/util/List;Ljava/util/List;Ljava/util/List;Ljava/util/List;)V+19
j  org.eclipse.osgi.container.ModuleContainer$ContainerStartLevel.doContainerStartLevel(Lorg/eclipse/osgi/container/Module;I[Lorg/osgi/framework/FrameworkListener;)V+349
j  org.eclipse.osgi.container.ModuleContainer$ContainerStartLevel.dispatchEvent(Lorg/eclipse/osgi/container/Module;[Lorg/osgi/framework/FrameworkListener;ILjava/lang/Integer;)V+32
j  org.eclipse.osgi.container.ModuleContainer$ContainerStartLevel.dispatchEvent(Ljava/lang/Object;Ljava/lang/Object;ILjava/lang/Object;)V+15
j  org.eclipse.osgi.framework.eventmgr.EventManager.dispatchEvent(Ljava/util/Set;Lorg/eclipse/osgi/framework/eventmgr/EventDispatcher;ILjava/lang/Object;)V+48
j  org.eclipse.osgi.framework.eventmgr.EventManager$EventThread.run()V+26
v  ~StubRoutines::call_stub

---------------  P R O C E S S  ---------------

Threads class SMR info:
_java_thread_list=0x0000008e9361a9f0, length=16, elements={
0x0000008efc55dad0, 0x0000008effc19c90, 0x0000008effc1bbc0, 0x0000008effc53090,
0x0000008effc53d00, 0x0000008effc54970, 0x0000008effc555e0, 0x0000008effc572d0,
0x0000008e92770440, 0x0000008e92773520, 0x0000008efc5c0760, 0x0000008e929db010,
0x0000008e934a9ee0, 0x0000008e937a19a0, 0x0000008e93629710, 0x0000008e935f6510
}

Java Threads: ( => current thread )
  0x0000008efc55dad0 JavaThread "main" [_thread_blocked, id=7784, stack(0x0000008efc360000,0x0000008efc460000)]
  0x0000008effc19c90 JavaThread "Reference Handler" daemon [_thread_blocked, id=7788, stack(0x0000008e91f60000,0x0000008e92060000)]
  0x0000008effc1bbc0 JavaThread "Finalizer" daemon [_thread_blocked, id=7792, stack(0x0000008e92060000,0x0000008e92160000)]
  0x0000008effc53090 JavaThread "Signal Dispatcher" daemon [_thread_blocked, id=7984, stack(0x0000008e92240000,0x0000008e92340000)]
  0x0000008effc53d00 JavaThread "Attach Listener" daemon [_thread_blocked, id=4440, stack(0x0000008e92340000,0x0000008e92440000)]
  0x0000008effc54970 JavaThread "Service Thread" daemon [_thread_blocked, id=388, stack(0x0000008e92440000,0x0000008e92540000)]
  0x0000008effc555e0 JavaThread "Monitor Deflation Thread" daemon [_thread_blocked, id=5288, stack(0x0000008e92540000,0x0000008e92640000)]
  0x0000008effc572d0 JavaThread "C2 CompilerThread0" daemon [_thread_blocked, id=2656, stack(0x0000008e92640000,0x0000008e92740000)]
  0x0000008e92770440 JavaThread "C1 CompilerThread0" daemon [_thread_blocked, id=4172, stack(0x0000008e92b40000,0x0000008e92c40000)]
  0x0000008e92773520 JavaThread "Sweeper thread" daemon [_thread_blocked, id=7628, stack(0x0000008e92c40000,0x0000008e92d40000)]
  0x0000008efc5c0760 JavaThread "Common-Cleaner" daemon [_thread_blocked, id=7600, stack(0x0000008e92d40000,0x0000008e92e40000)]
  0x0000008e929db010 JavaThread "Notification Thread" daemon [_thread_blocked, id=3168, stack(0x0000008e92e40000,0x0000008e92f40000)]
  0x0000008e934a9ee0 JavaThread "Active Thread: Equinox Container: 7fd4876d-9da1-4153-8d95-75755f4a13ab" [_thread_blocked, id=4868, stack(0x0000008e93940000,0x0000008e93a40000)]
  0x0000008e937a19a0 JavaThread "Framework Event Dispatcher: Equinox Container: 7fd4876d-9da1-4153-8d95-75755f4a13ab" daemon [_thread_blocked, id=7748, stack(0x0000008e93a40000,0x0000008e93b40000)]
=>0x0000008e93629710 JavaThread "Start Level: Equinox Container: 7fd4876d-9da1-4153-8d95-75755f4a13ab" daemon [_thread_in_vm, id=7404, stack(0x0000008e957d0000,0x0000008e958d0000)]
  0x0000008e935f6510 JavaThread "SCR Component Actor" daemon [_thread_in_vm, id=6380, stack(0x0000008e958d0000,0x0000008e959d0000)]

Other Threads:
  0x0000008effb763b0 VMThread "VM Thread" [stack: 0x0000008e91e60000,0x0000008e91f60000] [id=6892]
  0x0000008e92940a80 WatcherThread [stack: 0x0000008e92f40000,0x0000008e93040000] [id=4540]
  0x0000008efc571ea0 GCTaskThread "GC Thread#0" [stack: 0x0000008eff630000,0x0000008eff730000] [id=3096]
  0x0000008e9342afd0 GCTaskThread "GC Thread#1" [stack: 0x0000008e93840000,0x0000008e93940000] [id=2684]

Threads with active compile tasks:

VM state: not at safepoint (normal execution)

VM Mutex/Monitor currently owned by a thread:  ([mutex/lock_event])
[0x0000008efc5592c0] Metaspace_lock - owner thread: 0x0000008e93629710

Heap address: 0x00000000c0000000, size: 1024 MB, Compressed Oops mode: 32-bit

CDS archive(s) not mapped
Compressed class space mapped at: 0x0000000100000000-0x0000000140000000, reserved size: 1073741824
Narrow klass base: 0x0000000000000000, Narrow klass shift: 3, Narrow klass range: 0x140000000

GC Precious Log:
 CPUs: 2 total, 2 available
 Memory: 3709M
 Large Page Support: Disabled
 NUMA Support: Disabled
 Compressed Oops: Enabled (32-bit)
 Alignments: Space 512K, Generation 512K, Heap 2M
 Heap Min Capacity: 100M
 Heap Initial Capacity: 100M
 Heap Max Capacity: 1G
 Pre-touch: Disabled
 Parallel Workers: 2

Heap:
 PSYoungGen      total 29696K, used 24744K [0x00000000eab00000, 0x00000000ecc00000, 0x0000000100000000)
  eden space 25600K, 82% used [0x00000000eab00000,0x00000000ebf90058,0x00000000ec400000)
  from space 4096K, 90% used [0x00000000ec400000,0x00000000ec79a208,0x00000000ec800000)
  to   space 4096K, 0% used [0x00000000ec800000,0x00000000ec800000,0x00000000ecc00000)
 ParOldGen       total 68608K, used 16K [0x00000000c0000000, 0x00000000c4300000, 0x00000000eab00000)
  object space 68608K, 0% used [0x00000000c0000000,0x00000000c0004000,0x00000000c4300000)
 Metaspace       used 14145K, committed 14336K, reserved 1064960K
  class space    used 1412K, committed 1536K, reserved 1048576K

Card table byte_map: [0x0000008eff420000,0x0000008eff630000] _byte_map_base: 0x0000008efee20000

Marking Bits: (ParMarkBitMap*) 0x00007ffd4e520dd0
 Begin Bits: [0x0000008e8f000000, 0x0000008e90000000)
 End Bits:   [0x0000008e90000000, 0x0000008e91000000)

Polling page: 0x0000008efab10000

Metaspace:

Usage:
  Non-class:     12.43 MB used.
      Class:      1.38 MB used.
       Both:     13.81 MB used.

Virtual space:
  Non-class space:       16.00 MB reserved,      12.50 MB ( 78%) committed,  2 nodes.
      Class space:        1.00 GB reserved,       1.50 MB ( <1%) committed,  1 nodes.
             Both:        1.02 GB reserved,      14.00 MB (  1%) committed. 

Chunk freelists:
   Non-Class:  2.98 MB
       Class:  2.43 MB
        Both:  5.41 MB

MaxMetaspaceSize: unlimited
CompressedClassSpaceSize: 1.00 GB
Initial GC threshold: 21.00 MB
Current GC threshold: 21.00 MB
CDS: off
MetaspaceReclaimPolicy: balanced
 - commit_granule_bytes: 65536.
 - commit_granule_words: 8192.
 - virtual_space_node_default_size: 1048576.
 - enlarge_chunks_in_place: 1.
 - new_chunks_are_fully_committed: 0.
 - uncommit_free_chunks: 1.
 - use_allocation_guard: 0.
 - handle_deallocations: 1.


Internal statistics:

num_allocs_failed_limit: 0.
num_arena_births: 62.
num_arena_deaths: 0.
num_vsnodes_births: 3.
num_vsnodes_deaths: 0.
num_space_committed: 224.
num_space_uncommitted: 0.
num_chunks_returned_to_freelist: 0.
num_chunks_taken_from_freelist: 247.
num_chunk_merges: 0.
num_chunk_splits: 166.
num_chunks_enlarged: 130.
num_purges: 0.
num_inconsistent_stats: 0.

CodeHeap 'non-profiled nmethods': size=120064Kb used=590Kb max_used=590Kb free=119473Kb
 bounds [0x0000008e87ac0000, 0x0000008e87d30000, 0x0000008e8f000000]
CodeHeap 'profiled nmethods': size=120000Kb used=2865Kb max_used=2865Kb free=117134Kb
 bounds [0x0000008e80590000, 0x0000008e80860000, 0x0000008e87ac0000]
CodeHeap 'non-nmethods': size=5696Kb used=1155Kb max_used=1179Kb free=4540Kb
 bounds [0x0000008e80000000, 0x0000008e80270000, 0x0000008e80590000]
 total_blobs=1978 nmethods=1531 adapters=362
 compilation: enabled
              stopped_count=0, restarted_count=0
 full_count=0

Compilation events (20 events):
Event: 4.185 Thread 0x0000008e92770440 1522       1       org.eclipse.osgi.internal.hookregistry.ClassLoaderHook::preFindClass (2 bytes)
Event: 4.185 Thread 0x0000008e92770440 nmethod 1522 0x0000008e87b53190 code [0x0000008e87b53320, 0x0000008e87b533f8]
Event: 4.185 Thread 0x0000008e92770440 1523       3       java.util.concurrent.locks.ReentrantLock$NonfairSync::initialTryLock (58 bytes)
Event: 4.186 Thread 0x0000008e92770440 nmethod 1523 0x0000008e80859e10 code [0x0000008e80859fe0, 0x0000008e8085a398]
Event: 4.186 Thread 0x0000008e92770440 1524       3       java.util.concurrent.locks.ReentrantLock$Sync::tryRelease (51 bytes)
Event: 4.186 Thread 0x0000008e92770440 nmethod 1524 0x0000008e8085a490 code [0x0000008e8085a640, 0x0000008e8085a968]
Event: 4.187 Thread 0x0000008e92770440 1525       3       java.util.concurrent.locks.ReentrantLock::unlock (10 bytes)
Event: 4.187 Thread 0x0000008e92770440 nmethod 1525 0x0000008e8085aa90 code [0x0000008e8085ac60, 0x0000008e8085af38]
Event: 4.205 Thread 0x0000008e92770440 1526       3       java.util.concurrent.locks.AbstractQueuedSynchronizer::signalNext (34 bytes)
Event: 4.205 Thread 0x0000008e92770440 nmethod 1526 0x0000008e8085b090 code [0x0000008e8085b260, 0x0000008e8085b518]
Event: 4.207 Thread 0x0000008e92770440 1527       3       org.eclipse.osgi.framework.eventmgr.CopyOnWriteIdentityMap$Snapshot$EntryIterator::next (5 bytes)
Event: 4.207 Thread 0x0000008e92770440 nmethod 1527 0x0000008e8085b690 code [0x0000008e8085b840, 0x0000008e8085b9c8]
Event: 4.207 Thread 0x0000008e92770440 1528       3       org.eclipse.osgi.framework.eventmgr.CopyOnWriteIdentityMap$Snapshot$EntryIterator::next (5 bytes)
Event: 4.207 Thread 0x0000008e92770440 nmethod 1528 0x0000008e8085ba90 code [0x0000008e8085bc20, 0x0000008e8085bd68]
Event: 4.207 Thread 0x0000008e92770440 1529       3       org.eclipse.osgi.framework.eventmgr.CopyOnWriteIdentityMap$Snapshot$SnapshotIterator::nextEntry (58 bytes)
Event: 4.208 Thread 0x0000008e92770440 nmethod 1529 0x0000008e8085be10 code [0x0000008e8085bfe0, 0x0000008e8085c358]
Event: 4.208 Thread 0x0000008e92770440 1530       1       org.eclipse.osgi.internal.hookregistry.HookRegistry::getClassLoaderHooks (5 bytes)
Event: 4.208 Thread 0x0000008e92770440 nmethod 1530 0x0000008e87b53490 code [0x0000008e87b53620, 0x0000008e87b536f8]
Event: 4.227 Thread 0x0000008e92770440 1531       1       org.eclipse.osgi.storage.Storage::getModuleContainer (5 bytes)
Event: 4.227 Thread 0x0000008e92770440 nmethod 1531 0x0000008e87b53790 code [0x0000008e87b53920, 0x0000008e87b539f8]

GC Heap History (2 events):
Event: 2.646 GC heap before
{Heap before GC invocations=1 (full 0):
 PSYoungGen      total 29696K, used 25600K [0x00000000eab00000, 0x00000000ecc00000, 0x0000000100000000)
  eden space 25600K, 100% used [0x00000000eab00000,0x00000000ec400000,0x00000000ec400000)
  from space 4096K, 0% used [0x00000000ec800000,0x00000000ec800000,0x00000000ecc00000)
  to   space 4096K, 0% used [0x00000000ec400000,0x00000000ec400000,0x00000000ec800000)
 ParOldGen       total 68608K, used 0K [0x00000000c0000000, 0x00000000c4300000, 0x00000000eab00000)
  object space 68608K, 0% used [0x00000000c0000000,0x00000000c0000000,0x00000000c4300000)
 Metaspace       used 10983K, committed 11136K, reserved 1064960K
  class space    used 1088K, committed 1152K, reserved 1048576K
}
Event: 2.655 GC heap after
{Heap after GC invocations=1 (full 0):
 PSYoungGen      total 29696K, used 3688K [0x00000000eab00000, 0x00000000ecc00000, 0x0000000100000000)
  eden space 25600K, 0% used [0x00000000eab00000,0x00000000eab00000,0x00000000ec400000)
  from space 4096K, 90% used [0x00000000ec400000,0x00000000ec79a208,0x00000000ec800000)
  to   space 4096K, 0% used [0x00000000ec800000,0x00000000ec800000,0x00000000ecc00000)
 ParOldGen       total 68608K, used 16K [0x00000000c0000000, 0x00000000c4300000, 0x00000000eab00000)
  object space 68608K, 0% used [0x00000000c0000000,0x00000000c0004000,0x00000000c4300000)
 Metaspace       used 10983K, committed 11136K, reserved 1064960K
  class space    used 1088K, committed 1152K, reserved 1048576K
}

Dll operation events (9 events):
Event: 0.018 Loaded shared library c:\Users\LENOVO\.vscode\extensions\redhat.java-1.13.0-win32-x64\jre\17.0.5-win32-x86_64\bin\java.dll
Event: 0.533 Loaded shared library c:\Users\LENOVO\.vscode\extensions\redhat.java-1.13.0-win32-x64\jre\17.0.5-win32-x86_64\bin\zip.dll
Event: 0.542 Loaded shared library C:\Users\LENOVO\.vscode\extensions\redhat.java-1.13.0-win32-x64\jre\17.0.5-win32-x86_64\bin\instrument.dll
Event: 0.602 Loaded shared library C:\Users\LENOVO\.vscode\extensions\redhat.java-1.13.0-win32-x64\jre\17.0.5-win32-x86_64\bin\net.dll
Event: 0.624 Loaded shared library C:\Users\LENOVO\.vscode\extensions\redhat.java-1.13.0-win32-x64\jre\17.0.5-win32-x86_64\bin\nio.dll
Event: 0.643 Loaded shared library C:\Users\LENOVO\.vscode\extensions\redhat.java-1.13.0-win32-x64\jre\17.0.5-win32-x86_64\bin\zip.dll
Event: 0.694 Loaded shared library C:\Users\LENOVO\.vscode\extensions\redhat.java-1.13.0-win32-x64\jre\17.0.5-win32-x86_64\bin\jimage.dll
Event: 0.878 Loaded shared library c:\Users\LENOVO\.vscode\extensions\redhat.java-1.13.0-win32-x64\jre\17.0.5-win32-x86_64\bin\verify.dll
Event: 4.098 Loaded shared library C:\Users\LENOVO\AppData\Roaming\Code\User\globalStorage\redhat.java\1.13.0\config_ss_win\org.eclipse.equinox.launcher\org.eclipse.equinox.launcher.win32.win32.x86_64_1.2.600.v20220720-1916\eclipse_11700.dll

Deoptimization events (20 events):
Event: 3.565 Thread 0x0000008efc55dad0 Uncommon trap: trap_request=0xffffffde fr.pc=0x0000008e87b305dc relative=0x00000000000009bc
Event: 3.565 Thread 0x0000008efc55dad0 Uncommon trap: reason=class_check action=maybe_recompile pc=0x0000008e87b305dc method=java.util.HashMap.putVal(ILjava/lang/Object;Ljava/lang/Object;ZZ)Ljava/lang/Object; @ 253 c2
Event: 3.565 Thread 0x0000008efc55dad0 DEOPT PACKING pc=0x0000008e87b305dc sp=0x0000008efc45da90
Event: 3.565 Thread 0x0000008efc55dad0 DEOPT UNPACKING pc=0x0000008e8005209d sp=0x0000008efc45d9b8 mode 2
Event: 3.573 Thread 0x0000008efc55dad0 Uncommon trap: trap_request=0xffffffde fr.pc=0x0000008e87b305dc relative=0x00000000000009bc
Event: 3.573 Thread 0x0000008efc55dad0 Uncommon trap: reason=class_check action=maybe_recompile pc=0x0000008e87b305dc method=java.util.HashMap.putVal(ILjava/lang/Object;Ljava/lang/Object;ZZ)Ljava/lang/Object; @ 253 c2
Event: 3.573 Thread 0x0000008efc55dad0 DEOPT PACKING pc=0x0000008e87b305dc sp=0x0000008efc45da90
Event: 3.573 Thread 0x0000008efc55dad0 DEOPT UNPACKING pc=0x0000008e8005209d sp=0x0000008efc45d9b8 mode 2
Event: 3.574 Thread 0x0000008efc55dad0 Uncommon trap: trap_request=0xffffffde fr.pc=0x0000008e87b21990 relative=0x00000000000008f0
Event: 3.574 Thread 0x0000008efc55dad0 Uncommon trap: reason=class_check action=maybe_recompile pc=0x0000008e87b21990 method=java.util.HashMap.putVal(ILjava/lang/Object;Ljava/lang/Object;ZZ)Ljava/lang/Object; @ 253 c2
Event: 3.574 Thread 0x0000008efc55dad0 DEOPT PACKING pc=0x0000008e87b21990 sp=0x0000008efc45d910
Event: 3.574 Thread 0x0000008efc55dad0 DEOPT UNPACKING pc=0x0000008e8005209d sp=0x0000008efc45d8c0 mode 2
Event: 3.660 Thread 0x0000008efc55dad0 Uncommon trap: trap_request=0xffffffc6 fr.pc=0x0000008e87af8350 relative=0x00000000000005f0
Event: 3.660 Thread 0x0000008efc55dad0 Uncommon trap: reason=bimorphic_or_optimized_type_check action=maybe_recompile pc=0x0000008e87af8350 method=java.util.Collections$UnmodifiableCollection$1.<init>(Ljava/util/Collections$UnmodifiableCollection;)V @ 17 c2
Event: 3.660 Thread 0x0000008efc55dad0 DEOPT PACKING pc=0x0000008e87af8350 sp=0x0000008efc45dd90
Event: 3.660 Thread 0x0000008efc55dad0 DEOPT UNPACKING pc=0x0000008e8005209d sp=0x0000008efc45dd48 mode 2
Event: 3.669 Thread 0x0000008efc55dad0 DEOPT PACKING pc=0x0000008e806d6561 sp=0x0000008efc45c480
Event: 3.669 Thread 0x0000008efc55dad0 DEOPT UNPACKING pc=0x0000008e80052824 sp=0x0000008efc45b908 mode 0
Event: 3.760 Thread 0x0000008efc55dad0 DEOPT PACKING pc=0x0000008e807106cc sp=0x0000008efc45df60
Event: 3.760 Thread 0x0000008efc55dad0 DEOPT UNPACKING pc=0x0000008e80052824 sp=0x0000008efc45d400 mode 0

Classes unloaded (0 events):
No events

Classes redefined (0 events):
No events

Internal exceptions (20 events):
Event: 1.859 Thread 0x0000008efc55dad0 Exception <a 'java/io/FileNotFoundException'{0x00000000eb8e4fd0}> (0x00000000eb8e4fd0) 
thrown [s\src\hotspot\share\prims\jni.cpp, line 516]
Event: 1.859 Thread 0x0000008efc55dad0 Exception <a 'java/io/FileNotFoundException'{0x00000000eb8e5c90}> (0x00000000eb8e5c90) 
thrown [s\src\hotspot\share\prims\jni.cpp, line 516]
Event: 1.880 Thread 0x0000008efc55dad0 Exception <a 'java/io/FileNotFoundException'{0x00000000eb924460}> (0x00000000eb924460) 
thrown [s\src\hotspot\share\prims\jni.cpp, line 516]
Event: 2.424 Thread 0x0000008efc55dad0 Exception <a 'java/lang/ClassNotFoundException'{0x00000000ec11eed0}: sun/net/www/protocol/c/Handler> (0x00000000ec11eed0) 
thrown [s\src\hotspot\share\classfile\systemDictionary.cpp, line 256]
Event: 2.425 Thread 0x0000008efc55dad0 Exception <a 'java/lang/ClassNotFoundException'{0x00000000ec1201c8}: sun/net/www/protocol/f/Handler> (0x00000000ec1201c8) 
thrown [s\src\hotspot\share\classfile\systemDictionary.cpp, line 256]
Event: 2.425 Thread 0x0000008efc55dad0 Exception <a 'java/lang/ClassNotFoundException'{0x00000000ec1212d8}: sun/net/www/protocol/c/Handler> (0x00000000ec1212d8) 
thrown [s\src\hotspot\share\classfile\systemDictionary.cpp, line 256]
Event: 2.436 Thread 0x0000008efc55dad0 Exception <a 'java/io/FileNotFoundException'{0x00000000ec1401f8}> (0x00000000ec1401f8) 
thrown [s\src\hotspot\share\prims\jni.cpp, line 516]
Event: 2.553 Thread 0x0000008efc55dad0 Implicit null exception at 0x0000008e87ae98db to 0x0000008e87aea24c
Event: 2.553 Thread 0x0000008efc55dad0 Implicit null exception at 0x0000008e87afc4ac to 0x0000008e87afc890
Event: 2.553 Thread 0x0000008efc55dad0 Implicit null exception at 0x0000008e87aeedac to 0x0000008e87aef190
Event: 2.554 Thread 0x0000008efc55dad0 Implicit null exception at 0x0000008e87afba8f to 0x0000008e87afbb05
Event: 2.662 Thread 0x0000008efc55dad0 Exception <a 'java/lang/NoSuchMethodError'{0x00000000eab12ec0}: 'int java.lang.invoke.DirectMethodHandle$Holder.invokeStaticInit(java.lang.Object, java.lang.Object, java.lang.Object, java.lang.Object)'> (0x00000000eab12ec0) 
thrown [s\src\hotspot\share\interpreter\linkResolver.cpp, line 759]
Event: 2.667 Thread 0x0000008efc55dad0 Exception <a 'java/lang/NoSuchMethodError'{0x00000000eab1d638}: 'java.lang.Object java.lang.invoke.DirectMethodHandle$Holder.invokeInterface(java.lang.Object, java.lang.Object)'> (0x00000000eab1d638) 
thrown [s\src\hotspot\share\interpreter\linkResolver.cpp, line 759]
Event: 2.672 Thread 0x0000008efc55dad0 Exception <a 'java/lang/IncompatibleClassChangeError'{0x00000000eab20e30}: Found class java.lang.Object, but interface was expected> (0x00000000eab20e30) 
thrown [s\src\hotspot\share\interpreter\linkResolver.cpp, line 826]
Event: 2.674 Thread 0x0000008efc55dad0 Exception <a 'java/lang/NoSuchMethodError'{0x00000000eab25328}: 'void java.lang.invoke.DirectMethodHandle$Holder.invokeStatic(java.lang.Object, java.lang.Object)'> (0x00000000eab25328) 
thrown [s\src\hotspot\share\interpreter\linkResolver.cpp, line 759]
Event: 2.675 Thread 0x0000008efc55dad0 Exception <a 'java/lang/NoSuchMethodError'{0x00000000eab28b28}: 'void java.lang.invoke.DirectMethodHandle$Holder.invokeStaticInit(java.lang.Object, java.lang.Object)'> (0x00000000eab28b28) 
thrown [s\src\hotspot\share\interpreter\linkResolver.cpp, line 759]
Event: 2.677 Thread 0x0000008efc55dad0 Exception <a 'java/lang/NoSuchMethodError'{0x00000000eab30020}: 'int java.lang.invoke.DirectMethodHandle$Holder.invokeStaticInit(java.lang.Object, java.lang.Object)'> (0x00000000eab30020) 
thrown [s\src\hotspot\share\interpreter\linkResolver.cpp, line 759]
Event: 2.780 Thread 0x0000008efc55dad0 Exception <a 'java/lang/NoSuchMethodError'{0x00000000eac95c48}: 'void java.lang.invoke.DirectMethodHandle$Holder.invokeSpecial(java.lang.Object, java.lang.Object, java.lang.Object)'> (0x00000000eac95c48) 
thrown [s\src\hotspot\share\interpreter\linkResolver.cpp, line 759]
Event: 3.520 Thread 0x0000008efc55dad0 Exception <a 'java/lang/NoSuchMethodError'{0x00000000eb8364d8}: 'java.lang.Object java.lang.invoke.DirectMethodHandle$Holder.newInvokeSpecial(java.lang.Object, int, java.lang.Object)'> (0x00000000eb8364d8) 
thrown [s\src\hotspot\share\interpreter\linkResolver.cpp, line 759]
Event: 4.001 Thread 0x0000008efc55dad0 Exception <a 'java/lang/UnsatisfiedLinkError'{0x00000000ebd64440}: 'void org.eclipse.equinox.launcher.JNIBridge._update_splash()'> (0x00000000ebd64440) 
thrown [s\src\hotspot\share\prims\nativeLookup.cpp, line 543]

VM Operations (18 events):
Event: 0.460 Executing VM operation: HandshakeAllThreads
Event: 0.460 Executing VM operation: HandshakeAllThreads done
Event: 0.759 Executing VM operation: HandshakeAllThreads
Event: 0.759 Executing VM operation: HandshakeAllThreads done
Event: 1.759 Executing VM operation: Cleanup
Event: 1.760 Executing VM operation: Cleanup done
Event: 1.769 Executing VM operation: HandshakeAllThreads
Event: 1.769 Executing VM operation: HandshakeAllThreads done
Event: 1.805 Executing VM operation: HandshakeAllThreads
Event: 1.805 Executing VM operation: HandshakeAllThreads done
Event: 2.646 Executing VM operation: ParallelGCFailedAllocation
Event: 2.655 Executing VM operation: ParallelGCFailedAllocation done
Event: 3.436 Executing VM operation: HandshakeAllThreads
Event: 3.436 Executing VM operation: HandshakeAllThreads done
Event: 3.437 Executing VM operation: HandshakeAllThreads
Event: 3.437 Executing VM operation: HandshakeAllThreads done
Event: 3.450 Executing VM operation: HandshakeAllThreads
Event: 3.450 Executing VM operation: HandshakeAllThreads done

Events (20 events):
Event: 3.726 loading class sun/nio/fs/WindowsChannelFactory$Flags done
Event: 3.727 loading class sun/nio/ch/FileChannelImpl$Closer
Event: 3.727 loading class sun/nio/ch/FileChannelImpl$Closer done
Event: 3.971 Thread 0x0000008e937a19a0 Thread added: 0x0000008e937a19a0
Event: 4.000 Thread 0x0000008e93629710 Thread added: 0x0000008e93629710
Event: 4.004 loading class java/util/concurrent/CountDownLatch
Event: 4.004 loading class java/util/concurrent/CountDownLatch done
Event: 4.004 loading class java/util/concurrent/CountDownLatch$Sync
Event: 4.004 loading class java/util/concurrent/CountDownLatch$Sync done
Event: 4.098 loading class java/util/concurrent/locks/AbstractQueuedSynchronizer$SharedNode
Event: 4.099 loading class java/util/concurrent/locks/AbstractQueuedSynchronizer$SharedNode done
Event: 4.099 loading class java/util/concurrent/locks/AbstractQueuedSynchronizer$ExclusiveNode
Event: 4.099 loading class java/util/concurrent/locks/AbstractQueuedSynchronizer$ExclusiveNode done
Event: 4.125 loading class java/lang/IllegalAccessError
Event: 4.125 loading class java/lang/IllegalAccessError done
Event: 4.203 loading class java/util/TimerTask
Event: 4.203 loading class java/util/TimerTask done
Event: 4.226 Thread 0x0000008e935f6510 Thread added: 0x0000008e935f6510
Event: 4.230 loading class java/util/MissingResourceException
Event: 4.230 loading class java/util/MissingResourceException done


Dynamic libraries:
0x00007ff6b0800000 - 0x00007ff6b080e000 	c:\Users\LENOVO\.vscode\extensions\redhat.java-1.13.0-win32-x64\jre\17.0.5-win32-x86_64\bin\java.exe
0x00007ffd74860000 - 0x00007ffd74a0c000 	C:\Windows\SYSTEM32\ntdll.dll
0x00007ffd74590000 - 0x00007ffd746ca000 	C:\Windows\system32\KERNEL32.DLL
0x00007ffd71df0000 - 0x00007ffd71f00000 	C:\Windows\system32\KERNELBASE.dll
0x00007ffd6c140000 - 0x00007ffd6c157000 	c:\Users\LENOVO\.vscode\extensions\redhat.java-1.13.0-win32-x64\jre\17.0.5-win32-x86_64\bin\jli.dll
0x00007ffd67630000 - 0x00007ffd67649000 	c:\Users\LENOVO\.vscode\extensions\redhat.java-1.13.0-win32-x64\jre\17.0.5-win32-x86_64\bin\VCRUNTIME140.dll
0x00007ffd6c570000 - 0x00007ffd6c574000 	c:\Users\LENOVO\.vscode\extensions\redhat.java-1.13.0-win32-x64\jre\17.0.5-win32-x86_64\bin\api-ms-win-crt-stdio-l1-1-0.dll
0x00007ffd6c040000 - 0x00007ffd6c044000 	c:\Users\LENOVO\.vscode\extensions\redhat.java-1.13.0-win32-x64\jre\17.0.5-win32-x86_64\bin\api-ms-win-crt-runtime-l1-1-0.dll
0x00007ffd6bd20000 - 0x00007ffd6bd23000 	c:\Users\LENOVO\.vscode\extensions\redhat.java-1.13.0-win32-x64\jre\17.0.5-win32-x86_64\bin\api-ms-win-crt-environment-l1-1-0.dll
0x00007ffd69680000 - 0x00007ffd69685000 	c:\Users\LENOVO\.vscode\extensions\redhat.java-1.13.0-win32-x64\jre\17.0.5-win32-x86_64\bin\api-ms-win-crt-math-l1-1-0.dll
0x00007ffd68c50000 - 0x00007ffd68c53000 	c:\Users\LENOVO\.vscode\extensions\redhat.java-1.13.0-win32-x64\jre\17.0.5-win32-x86_64\bin\api-ms-win-crt-locale-l1-1-0.dll
0x00007ffd689d0000 - 0x00007ffd689d3000 	c:\Users\LENOVO\.vscode\extensions\redhat.java-1.13.0-win32-x64\jre\17.0.5-win32-x86_64\bin\api-ms-win-crt-heap-l1-1-0.dll
0x00007ffd6f990000 - 0x00007ffd6fbea000 	C:\Windows\WinSxS\amd64_microsoft.windows.common-controls_6595b64144ccf1df_6.0.9600.17031_none_6242a4b3ecbb55a1\COMCTL32.dll
0x00007ffd74410000 - 0x00007ffd74581000 	C:\Windows\system32\USER32.dll
0x00007ffd685c0000 - 0x00007ffd685c3000 	c:\Users\LENOVO\.vscode\extensions\redhat.java-1.13.0-win32-x64\jre\17.0.5-win32-x86_64\bin\api-ms-win-crt-filesystem-l1-1-0.dll
0x00007ffd67f50000 - 0x00007ffd67f54000 	c:\Users\LENOVO\.vscode\extensions\redhat.java-1.13.0-win32-x64\jre\17.0.5-win32-x86_64\bin\api-ms-win-crt-string-l1-1-0.dll
0x00007ffd67ba0000 - 0x00007ffd67ba4000 	c:\Users\LENOVO\.vscode\extensions\redhat.java-1.13.0-win32-x64\jre\17.0.5-win32-x86_64\bin\api-ms-win-crt-convert-l1-1-0.dll
0x00007ffd73f10000 - 0x00007ffd73fb7000 	C:\Windows\system32\msvcrt.dll
0x00007ffd74710000 - 0x00007ffd74855000 	C:\Windows\system32\GDI32.dll
0x00007ffd57f20000 - 0x00007ffd5801a000 	c:\Users\LENOVO\.vscode\extensions\redhat.java-1.13.0-win32-x64\jre\17.0.5-win32-x86_64\bin\ucrtbase.DLL
0x00007ffd746d0000 - 0x00007ffd74704000 	C:\Windows\system32\IMM32.DLL
0x00007ffd73dd0000 - 0x00007ffd73f09000 	C:\Windows\system32\MSCTF.dll
0x00007ffd66fb0000 - 0x00007ffd66ff1000 	C:\Program Files (x86)\K7 Computing\K7TSecurity\K7CrvrEx64.dll
0x00007ffd67660000 - 0x00007ffd6766c000 	c:\Users\LENOVO\.vscode\extensions\redhat.java-1.13.0-win32-x64\jre\17.0.5-win32-x86_64\bin\vcruntime140_1.dll
0x00007ffd5ad80000 - 0x00007ffd5ae11000 	c:\Users\LENOVO\.vscode\extensions\redhat.java-1.13.0-win32-x64\jre\17.0.5-win32-x86_64\bin\msvcp140.dll
0x00007ffd67270000 - 0x00007ffd67273000 	c:\Users\LENOVO\.vscode\extensions\redhat.java-1.13.0-win32-x64\jre\17.0.5-win32-x86_64\bin\api-ms-win-crt-time-l1-1-0.dll
0x00007ffd66fa0000 - 0x00007ffd66fa3000 	c:\Users\LENOVO\.vscode\extensions\redhat.java-1.13.0-win32-x64\jre\17.0.5-win32-x86_64\bin\api-ms-win-crt-utility-l1-1-0.dll
0x00007ffd4d9a0000 - 0x00007ffd4e5e4000 	c:\Users\LENOVO\.vscode\extensions\redhat.java-1.13.0-win32-x64\jre\17.0.5-win32-x86_64\bin\server\jvm.dll
0x00007ffd73d10000 - 0x00007ffd73db5000 	C:\Windows\system32\ADVAPI32.dll
0x00007ffd67650000 - 0x00007ffd67659000 	C:\Windows\SYSTEM32\WSOCK32.dll
0x00007ffd6e6a0000 - 0x00007ffd6e6bf000 	C:\Windows\SYSTEM32\WINMM.dll
0x00007ffd6a880000 - 0x00007ffd6a88a000 	C:\Windows\SYSTEM32\VERSION.dll
0x00007ffd73b30000 - 0x00007ffd73b87000 	C:\Windows\SYSTEM32\sechost.dll
0x00007ffd72500000 - 0x00007ffd72636000 	C:\Windows\system32\RPCRT4.dll
0x00007ffd74350000 - 0x00007ffd743a8000 	C:\Windows\system32\WS2_32.dll
0x00007ffd6e640000 - 0x00007ffd6e66a000 	C:\Windows\SYSTEM32\WINMMBASE.dll
0x00007ffd73fc0000 - 0x00007ffd73fc9000 	C:\Windows\system32\NSI.dll
0x00007ffd71ca0000 - 0x00007ffd71cea000 	C:\Windows\SYSTEM32\cfgmgr32.dll
0x00007ffd70a60000 - 0x00007ffd70a86000 	C:\Windows\SYSTEM32\DEVOBJ.dll
0x00007ffd66e00000 - 0x00007ffd66e0a000 	c:\Users\LENOVO\.vscode\extensions\redhat.java-1.13.0-win32-x64\jre\17.0.5-win32-x86_64\bin\jimage.dll
0x00007ffd66e10000 - 0x00007ffd66f98000 	C:\Windows\SYSTEM32\DBGHELP.DLL
0x00007ffd665e0000 - 0x00007ffd665ee000 	c:\Users\LENOVO\.vscode\extensions\redhat.java-1.13.0-win32-x64\jre\17.0.5-win32-x86_64\bin\instrument.dll
0x00007ffd66110000 - 0x00007ffd66135000 	c:\Users\LENOVO\.vscode\extensions\redhat.java-1.13.0-win32-x64\jre\17.0.5-win32-x86_64\bin\java.dll
0x00007ffd660f0000 - 0x00007ffd66108000 	c:\Users\LENOVO\.vscode\extensions\redhat.java-1.13.0-win32-x64\jre\17.0.5-win32-x86_64\bin\zip.dll
0x00007ffd72650000 - 0x00007ffd73a67000 	C:\Windows\system32\SHELL32.dll
0x00007ffd73fd0000 - 0x00007ffd741a6000 	C:\Windows\SYSTEM32\combase.dll
0x00007ffd743b0000 - 0x00007ffd74401000 	C:\Windows\system32\SHLWAPI.dll
0x00007ffd70210000 - 0x00007ffd702af000 	C:\Windows\SYSTEM32\SHCORE.dll
0x00007ffd71bd0000 - 0x00007ffd71be4000 	C:\Windows\SYSTEM32\profapi.dll
0x00007ffd5ff50000 - 0x00007ffd5ff69000 	C:\Users\LENOVO\.vscode\extensions\redhat.java-1.13.0-win32-x64\jre\17.0.5-win32-x86_64\bin\net.dll
0x00007ffd6a570000 - 0x00007ffd6a635000 	C:\Windows\SYSTEM32\WINHTTP.dll
0x00007ffd71430000 - 0x00007ffd71488000 	C:\Windows\system32\mswsock.dll
0x00007ffd5ff30000 - 0x00007ffd5ff45000 	C:\Users\LENOVO\.vscode\extensions\redhat.java-1.13.0-win32-x64\jre\17.0.5-win32-x86_64\bin\nio.dll
0x00007ffd665d0000 - 0x00007ffd665e0000 	c:\Users\LENOVO\.vscode\extensions\redhat.java-1.13.0-win32-x64\jre\17.0.5-win32-x86_64\bin\verify.dll
0x00007ffd5f370000 - 0x00007ffd5f3ae000 	C:\Users\LENOVO\AppData\Roaming\Code\User\globalStorage\redhat.java\1.13.0\config_ss_win\org.eclipse.equinox.launcher\org.eclipse.equinox.launcher.win32.win32.x86_64_1.2.600.v20220720-1916\eclipse_11700.dll
0x00007ffd73b90000 - 0x00007ffd73d08000 	C:\Windows\system32\ole32.dll

dbghelp: loaded successfully - version: 4.0.5 - missing functions: none
symbol engine: initialized successfully - sym options: 0x614 - pdb path: .;c:\Users\LENOVO\.vscode\extensions\redhat.java-1.13.0-win32-x64\jre\17.0.5-win32-x86_64\bin;C:\Windows\SYSTEM32;C:\Windows\WinSxS\amd64_microsoft.windows.common-controls_6595b64144ccf1df_6.0.9600.17031_none_6242a4b3ecbb55a1;C:\Program Files (x86)\K7 Computing\K7TSecurity;c:\Users\LENOVO\.vscode\extensions\redhat.java-1.13.0-win32-x64\jre\17.0.5-win32-x86_64\bin\server;C:\Users\LENOVO\AppData\Roaming\Code\User\globalStorage\redhat.java\1.13.0\config_ss_win\org.eclipse.equinox.launcher\org.eclipse.equinox.launcher.win32.win32.x86_64_1.2.600.v20220720-1916

VM Arguments:
jvm_args: --add-modules=ALL-SYSTEM --add-opens=java.base/java.util=ALL-UNNAMED --add-opens=java.base/java.lang=ALL-UNNAMED --add-opens=java.base/sun.nio.fs=ALL-UNNAMED -Declipse.application=org.eclipse.jdt.ls.core.id1 -Dosgi.bundles.defaultStartLevel=4 -Declipse.product=org.eclipse.jdt.ls.core.product -Djava.import.generatesMetadataFilesAtProjectRoot=false -Dfile.encoding=utf8 -XX:+UseParallelGC -XX:GCTimeRatio=4 -XX:AdaptiveSizePolicyWeight=90 -Dsun.zip.disableMemoryMapping=true -Xmx1G -Xms100m -Xlog:disable -javaagent:c:\Users\LENOVO\.vscode\extensions\redhat.java-1.13.0-win32-x64\lombok\lombok-1.18.24.jar 
java_command: c:\Users\LENOVO\.vscode\extensions\redhat.java-1.13.0-win32-x64\server\plugins\org.eclipse.equinox.launcher_1.6.400.v20210924-0641.jar -configuration c:\Users\LENOVO\AppData\Roaming\Code\User\globalStorage\redhat.java\1.13.0\config_ss_win -data c:\Users\LENOVO\AppData\Roaming\Code\User\workspaceStorage\5bfb5c783ddd0de21788c569a3903535\redhat.java\ss_ws
java_class_path (initial): c:\Users\LENOVO\.vscode\extensions\redhat.java-1.13.0-win32-x64\server\plugins\org.eclipse.equinox.launcher_1.6.400.v20210924-0641.jar
Launcher Type: SUN_STANDARD

[Global flags]
    uintx AdaptiveSizePolicyWeight                 = 90                                        {product} {command line}
     intx CICompilerCount                          = 2                                         {product} {ergonomic}
    uintx GCTimeRatio                              = 4                                         {product} {command line}
   size_t InitialHeapSize                          = 104857600                                 {product} {command line}
   size_t MaxHeapSize                              = 1073741824                                {product} {command line}
   size_t MaxNewSize                               = 357564416                                 {product} {ergonomic}
   size_t MinHeapDeltaBytes                        = 524288                                    {product} {ergonomic}
   size_t MinHeapSize                              = 104857600                                 {product} {command line}
   size_t NewSize                                  = 34603008                                  {product} {ergonomic}
    uintx NonNMethodCodeHeapSize                   = 5826188                                {pd product} {ergonomic}
    uintx NonProfiledCodeHeapSize                  = 122916026                              {pd product} {ergonomic}
   size_t OldSize                                  = 70254592                                  {product} {ergonomic}
    uintx ProfiledCodeHeapSize                     = 122916026                              {pd product} {ergonomic}
    uintx ReservedCodeCacheSize                    = 251658240                              {pd product} {ergonomic}
     bool SegmentedCodeCache                       = true                                      {product} {ergonomic}
   size_t SoftMaxHeapSize                          = 1073741824                             {manageable} {ergonomic}
     bool UseCompressedClassPointers               = true                           {product lp64_product} {ergonomic}
     bool UseCompressedOops                        = true                           {product lp64_product} {ergonomic}
     bool UseLargePagesIndividualAllocation        = false                                  {pd product} {ergonomic}
     bool UseParallelGC                            = true                                      {product} {command line}

Logging:
Log output configuration:
 #0: stdout all=off uptime,level,tags
 #1: stderr all=off uptime,level,tags

Environment Variables:
JAVA_HOME=C:\Program Files\Java\jdk1.8.0_333
PATH=C:\Python311\Scripts\;C:\Python311\;E:\flutter\bin;C:\Users\LENOVO\AppData\Local\Programs\Microsoft VS Code\bin;C:\Program Files\Git\cmd;C:\ProgramData\chocolatey\bin;E:\flutter\bin;C:\Users\LENOVO\AppData\Local\Programs\Microsoft VS Code\bin;F:\andsdk\platform-tools
USERNAME=LENOVO
OS=Windows_NT
PROCESSOR_IDENTIFIER=Intel64 Family 6 Model 58 Stepping 9, GenuineIntel
TMP=C:\Users\LENOVO\AppData\Local\Temp
TEMP=C:\Users\LENOVO\AppData\Local\Temp



---------------  S Y S T E M  ---------------

OS:
 Windows 8.1 , 64 bit Build 9600 (6.3.9600.17031)
OS uptime: 5 days 23:55 hours

CPU: total 2 (initial active 2) (2 cores per cpu, 1 threads per core) family 6 model 58 stepping 9 microcode 0x1a, cx8, cmov, fxsr, mmx, sse, sse2, sse3, ssse3, sse4.1, sse4.2, popcnt, tsc, tscinvbit, erms, clmul, clflush

Memory: 4k page, system-wide physical 3709M (890M free)
TotalPageFile size 5070M (AvailPageFile size 4M)
current process WorkingSet (physical memory assigned to process): 81M, peak: 81M
current process commit charge ("private bytes"): 184M, peak: 185M

vm_info: OpenJDK 64-Bit Server VM (17.0.5+8) for windows-amd64 JRE (17.0.5+8), built on Oct 19 2022 04:48:13 by "temurin" with MS VC++ 16.7 (VS2019)

END.
